[I 2026-05-12 20:35:50,728] Trial 28 finished with value: 0.49838011268900123 and parameters: {'pitch': 3.127939411608709, 'attract_gain': 2.47145277704228, 'attract_damp_gain': 0.11855429386191856, 'drone_repel_gain': 8.100961332484756, 'drone_repel_range': 3.132591386715326, 'wall_repel_gain': 2.056241352766374}. Best is trial 23 with value: 0.5292373794899509.
[I 2026-05-12 20:36:14,556] Trial 29 finished with value: 0.46520080612101755 and parameters: {'pitch': 3.572166632028818, 'attract_gain': 1.4406504603078232, 'attract_damp_gain': 0.07428906585991975, 'drone_repel_gain': 5.644164037330145, 'drone_repel_range': 1.8485201744772062, 'wall_repel_gain': 0.6690875304999522}. Best is trial 23 with value: 0.5292373794899509.
[I 2026-05-12 20:36:14,560] A new study created in memory with name: voronoi_bo
[I 2026-05-12 20:36:49,913] Trial 0 finished with value: 0.6288005087055253 and parameters: {'attract_gain': 1.184431975182039, 'attract_damp_gain': 0.8627358286640178, 'drone_repel_gain': 4.480392682684062, 'drone_repel_range': 3.993292420985183, 'wall_repel_gain': 0.7161246859115125}. Best is trial 0 with value: 0.6288005087055253.
[I 2026-05-12 20:37:22,299] Trial 1 finished with value: 0.4904886720001898 and parameters: {'attract_gain': 0.7160849144555758, 'attract_damp_gain': 0.05950295391592123, 'drone_repel_gain': 6.697167353375243, 'drone_repel_range': 4.005575058716044, 'wall_repel_gain': 2.5529516046973773}. Best is trial 0 with value: 0.6288005087055253.
[I 2026-05-12 20:38:00,034] Trial 2 finished with value: 0.5547798575426203 and parameters: {'attract_gain': 0.5242693862597309, 'attract_damp_gain': 0.9138013915892862, 'drone_repel_gain': 6.053448468001084, 'drone_repel_range': 2.061695553391381, 'wall_repel_gain': 0.7599674150654903}. Best is trial 0 with value: 0.6288005087055253.
[I 2026-05-12 20:38:32,887] Trial 3 finished with value: 0.5556944532305166 and parameters: {'attract_gain': 0.7627364729026304, 'attract_damp_gain': 0.12439367209907215, 'drone_repel_gain': 2.408207265453542, 'drone_repel_range': 3.1597250932105787, 'wall_repel_gain': 0.9776854331372623}. Best is trial 0 with value: 0.6288005087055253.
[I 2026-05-12 20:38:54,763] Trial 4 finished with value: 0.6133777914124842 and parameters: {'attract_gain': 2.0456102872218915, 'attract_damp_gain': 0.07593739613361232, 'drone_repel_gain': 1.1996621453406358, 'drone_repel_range': 2.8318092164684585, 'wall_repel_gain': 1.4290255329034678}. Best is trial 0 with value: 0.6288005087055253.
[I 2026-05-12 20:39:20,715] Trial 5 finished with value: 0.6021862485021484 and parameters: {'attract_gain': 3.0489195547657557, 'attract_damp_gain': 0.09093929525644105, 'drone_repel_gain': 2.3334818836184614, 'drone_repel_range': 3.9620728443102124, 'wall_repel_gain': 0.5564426587452863}. Best is trial 0 with value: 0.6288005087055253.
[I 2026-05-12 20:39:48,244] Trial 6 finished with value: 0.5604804299582474 and parameters: {'attract_gain': 2.0254188906648367, 'attract_damp_gain': 0.0833349164303321, 'drone_repel_gain': 0.6075808513336687, 'drone_repel_range': 5.7444276862666666, 'wall_repel_gain': 4.619575159813622}. Best is trial 0 with value: 0.6288005087055253.
[I 2026-05-12 20:40:15,488] Trial 7 finished with value: 0.6160258179090486 and parameters: {'attract_gain': 3.2163799964249455, 'attract_damp_gain': 0.12453219846912196, 'drone_repel_gain': 0.6699530280754894, 'drone_repel_range': 4.421165132560785, 'wall_repel_gain': 1.377597982475538}. Best is trial 0 with value: 0.6288005087055253.
[I 2026-05-12 20:40:45,739] Trial 8 finished with value: 0.578085717736747 and parameters: {'attract_gain': 0.6622290670049675, 'attract_damp_gain': 0.2203992019084621, 'drone_repel_gain': 0.5542561258655851, 'drone_repel_range': 5.546602010393911, 'wall_repel_gain': 0.9072980676745123}. Best is trial 0 with value: 0.6288005087055253.
[I 2026-05-12 20:41:01,561] Trial 9 finished with value: 0.6451588538683846 and parameters: {'attract_gain': 2.2987528923660823, 'attract_damp_gain': 0.12720830454691837, 'drone_repel_gain': 2.374619881840204, 'drone_repel_range': 3.7335513967163982, 'wall_repel_gain': 0.7652872182750088}. Best is trial 9 with value: 0.6451588538683846.
[I 2026-05-12 20:41:27,195] Trial 10 finished with value: 0.6214505620075202 and parameters: {'attract_gain': 4.589021660135123, 'attract_damp_gain': 0.39218779180980695, 'drone_repel_gain': 1.3163381289871443, 'drone_repel_range': 1.089809378074098, 'wall_repel_gain': 2.2430376072276923}. Best is trial 9 with value: 0.6451588538683846.
[I 2026-05-12 20:41:55,178] Trial 11 finished with value: 0.6701583749922296 and parameters: {'attract_gain': 1.1819584560110752, 'attract_damp_gain': 0.9225355146833661, 'drone_repel_gain': 4.22679446990775, 'drone_repel_range': 4.7300873825092635, 'wall_repel_gain': 0.5088016476595881}. Best is trial 11 with value: 0.6701583749922296.
[I 2026-05-12 20:42:23,887] Trial 12 finished with value: 0.6231232834993162 and parameters: {'attract_gain': 1.1848622620210356, 'attract_damp_gain': 0.3179045872369048, 'drone_repel_gain': 3.7858274667903458, 'drone_repel_range': 4.676850494543449, 'wall_repel_gain': 0.5195202169814451}. Best is trial 11 with value: 0.6701583749922296.
[I 2026-05-12 20:43:05,229] Trial 13 finished with value: 0.5673372460786941 and parameters: {'attract_gain': 1.2924745980033046, 'attract_damp_gain': 0.4848056399617331, 'drone_repel_gain': 9.902042996202002, 'drone_repel_range': 5.112320253004815, 'wall_repel_gain': 0.5040798831710188}. Best is trial 11 with value: 0.6701583749922296.
[I 2026-05-12 20:43:32,512] Trial 14 finished with value: 0.6053020404975794 and parameters: {'attract_gain': 1.729643124900371, 'attract_damp_gain': 0.21174401764059664, 'drone_repel_gain': 3.274530223257079, 'drone_repel_range': 2.3724248664124055, 'wall_repel_gain': 1.1132775077545405}. Best is trial 11 with value: 0.6701583749922296.
[I 2026-05-12 20:43:53,055] Trial 15 finished with value: 0.6589074145702407 and parameters: {'attract_gain': 2.8326596637011905, 'attract_damp_gain': 0.5830836086261548, 'drone_repel_gain': 1.4478809484577533, 'drone_repel_range': 3.4564394718965814, 'wall_repel_gain': 0.7109803329455242}. Best is trial 11 with value: 0.6701583749922296.
[I 2026-05-12 20:44:12,760] Trial 16 finished with value: 0.6624529585831099 and parameters: {'attract_gain': 4.992665188813594, 'attract_damp_gain': 0.6004959814938815, 'drone_repel_gain': 1.2842621614636036, 'drone_repel_range': 4.918313007239454, 'wall_repel_gain': 0.6668070048107504}. Best is trial 11 with value: 0.6701583749922296.
[I 2026-05-12 20:44:41,247] Trial 17 finished with value: 0.6141946778053116 and parameters: {'attract_gain': 4.977306374141156, 'attract_damp_gain': 0.6796348859298057, 'drone_repel_gain': 0.9482416813800105, 'drone_repel_range': 5.010956697601652, 'wall_repel_gain': 2.73569921911628}. Best is trial 11 with value: 0.6701583749922296.
[I 2026-05-12 20:45:10,092] Trial 18 finished with value: 0.5444141598699763 and parameters: {'attract_gain': 0.8756166440584389, 'attract_damp_gain': 0.31141762807486184, 'drone_repel_gain': 1.7344678996368281, 'drone_repel_range': 5.940717160629616, 'wall_repel_gain': 1.8563253148979824}. Best is trial 11 with value: 0.6701583749922296.
[I 2026-05-12 20:45:36,443] Trial 19 finished with value: 0.6710682159314939 and parameters: {'attract_gain': 1.4942539256791787, 'attract_damp_gain': 0.9953361245679073, 'drone_repel_gain': 0.8662896293007394, 'drone_repel_range': 5.162246024624676, 'wall_repel_gain': 0.6289114199222093}. Best is trial 19 with value: 0.6710682159314939.
[I 2026-05-12 20:46:05,006] Trial 20 finished with value: 0.6537233011523759 and parameters: {'attract_gain': 0.9956254113123781, 'attract_damp_gain': 0.948554402179093, 'drone_repel_gain': 0.9465004651345588, 'drone_repel_range': 5.369224974500339, 'wall_repel_gain': 1.1398559994895938}. Best is trial 19 with value: 0.6710682159314939.
[I 2026-05-12 20:46:31,967] Trial 21 finished with value: 0.6479122784204848 and parameters: {'attract_gain': 1.5913494515659683, 'attract_damp_gain': 0.6753065087488742, 'drone_repel_gain': 0.8649930204832581, 'drone_repel_range': 4.594920228692115, 'wall_repel_gain': 0.6320795264576168}. Best is trial 19 with value: 0.6710682159314939.
[I 2026-05-12 20:46:52,796] Trial 22 finished with value: 0.6581982391653047 and parameters: {'attract_gain': 1.3661947998599113, 'attract_damp_gain': 0.5180642964170818, 'drone_repel_gain': 1.7686516183938927, 'drone_repel_range': 4.980540888649342, 'wall_repel_gain': 0.6202031478367891}. Best is trial 19 with value: 0.6710682159314939.
[I 2026-05-12 20:47:23,533] Trial 23 finished with value: 0.6291372351338123 and parameters: {'attract_gain': 1.036332663570728, 'attract_damp_gain': 0.7359663624140975, 'drone_repel_gain': 0.8109837650194502, 'drone_repel_range': 4.401903375239842, 'wall_repel_gain': 0.8876607741058415}. Best is trial 19 with value: 0.6710682159314939.
[I 2026-05-12 20:47:49,514] Trial 24 finished with value: 0.6653677242373556 and parameters: {'attract_gain': 3.8220790065439885, 'attract_damp_gain': 0.996343272155566, 'drone_repel_gain': 1.1414894128998878, 'drone_repel_range': 5.405067870380746, 'wall_repel_gain': 0.6238951925785867}. Best is trial 19 with value: 0.6710682159314939.
[I 2026-05-12 20:48:10,134] Trial 25 finished with value: 0.6624344133806807 and parameters: {'attract_gain': 3.6064384307274895, 'attract_damp_gain': 0.41020118447848725, 'drone_repel_gain': 3.1743972831734943, 'drone_repel_range': 5.30648391353901, 'wall_repel_gain': 0.5529358551891201}. Best is trial 19 with value: 0.6710682159314939.
[I 2026-05-12 20:48:45,162] Trial 26 finished with value: 0.5072582310528259 and parameters: {'attract_gain': 1.5021665226873513, 'attract_damp_gain': 0.9927217163610522, 'drone_repel_gain': 5.164514189786754, 'drone_repel_range': 5.601331953314744, 'wall_repel_gain': 3.60896954127427}. Best is trial 19 with value: 0.6710682159314939.
[I 2026-05-12 20:49:11,137] Trial 27 finished with value: 0.6708614997718567 and parameters: {'attract_gain': 2.485814421276076, 'attract_damp_gain': 0.7976736162173098, 'drone_repel_gain': 1.845515649363792, 'drone_repel_range': 5.993615535107028, 'wall_repel_gain': 0.8620250999781773}. Best is trial 19 with value: 0.6710682159314939.
[I 2026-05-12 20:49:38,834] Trial 28 finished with value: 0.6424744602141849 and parameters: {'attract_gain': 2.6343269020315736, 'attract_damp_gain': 0.7667695338946043, 'drone_repel_gain': 9.318778738206467, 'drone_repel_range': 5.926224205511587, 'wall_repel_gain': 1.1551235591863018}. Best is trial 19 with value: 0.6710682159314939.
[I 2026-05-12 20:50:06,088] Trial 29 finished with value: 0.6577599598050002 and parameters: {'attract_gain': 1.711851116552011, 'attract_damp_gain': 0.8126187444654108, 'drone_repel_gain': 3.985443394339084, 'drone_repel_range': 4.200499847677017, 'wall_repel_gain': 0.793322472144204}. Best is trial 19 with value: 0.6710682159314939.
[I 2026-05-12 20:50:06,093] A new study created in memory with name: grid_decomp_bo
[I 2026-05-12 20:50:32,253] Trial 0 finished with value: 0.623622393208063 and parameters: {'block_size': 7, 'attract_gain': 4.4635901521768115, 'attract_damp_gain': 0.23523781523417828, 'drone_repel_gain': 3.968793330444372, 'drone_repel_range': 1.624074561769746, 'wall_repel_gain': 0.7160849144555758}. Best is trial 0 with value: 0.623622393208063.
[I 2026-05-12 20:50:47,198] Trial 1 finished with value: 0.6249990325304001 and parameters: {'block_size': 4, 'attract_gain': 3.6740592026352235, 'attract_damp_gain': 0.16277694005889423, 'drone_repel_gain': 5.105903209394756, 'drone_repel_range': 1.0823379771832098, 'wall_repel_gain': 4.665303012212831}. Best is trial 1 with value: 0.6249990325304001.
[I 2026-05-12 20:51:12,001] Trial 2 finished with value: 0.5080739377923329 and parameters: {'block_size': 11, 'attract_gain': 0.8152843673110735, 'attract_damp_gain': 0.050036147437528676, 'drone_repel_gain': 1.5254729458052607, 'drone_repel_range': 2.216968971838151, 'wall_repel_gain': 1.6738881542579662}. Best is trial 1 with value: 0.6249990325304001.
[I 2026-05-12 20:51:34,404] Trial 3 finished with value: 0.5569011358411412 and parameters: {'block_size': 7, 'attract_gain': 0.9776854331372623, 'attract_damp_gain': 0.1677694763860232, 'drone_repel_gain': 1.3787764619353768, 'drone_repel_range': 2.1685785941408726, 'wall_repel_gain': 1.162336424475217}. Best is trial 1 with value: 0.6249990325304001.
[I 2026-05-12 20:52:00,435] Trial 4 finished with value: 0.5926047561268805 and parameters: {'block_size': 8, 'attract_gain': 3.0489195547657557, 'attract_damp_gain': 0.05261292122503232, 'drone_repel_gain': 3.2676417657817622, 'drone_repel_range': 3.36965827544817, 'wall_repel_gain': 0.5564426587452863}. Best is trial 1 with value: 0.6249990325304001.
[I 2026-05-12 20:52:30,530] Trial 5 finished with value: 0.4707002247344731 and parameters: {'block_size': 9, 'attract_gain': 0.7404472559987593, 'attract_damp_gain': 0.036025039217688945, 'drone_repel_gain': 8.88966790701893, 'drone_repel_range': 4.862528132298237, 'wall_repel_gain': 3.2163799964249455}. Best is trial 1 with value: 0.6249990325304001.
[I 2026-05-12 20:53:02,308] Trial 6 finished with value: 0.5040943318720259 and parameters: {'block_size': 6, 'attract_gain': 0.6260977143530195, 'attract_damp_gain': 0.2056603272899633, 'drone_repel_gain': 2.7551959649510764, 'drone_repel_range': 1.4881529393791153, 'wall_repel_gain': 1.563676518390185}. Best is trial 1 with value: 0.6249990325304001.
[I 2026-05-12 20:53:25,083] Trial 7 finished with value: 0.5978383625393952 and parameters: {'block_size': 4, 'attract_gain': 4.057797837985249, 'attract_damp_gain': 0.062131416027366076, 'drone_repel_gain': 4.597505784732165, 'drone_repel_range': 2.246844304357644, 'wall_repel_gain': 1.6559149440361902}. Best is trial 1 with value: 0.6249990325304001.
[I 2026-05-12 20:54:09,223] Trial 8 finished with value: 0.4181316388682415 and parameters: {'block_size': 8, 'attract_gain': 0.7652872182750088, 'attract_damp_gain': 0.4589940119985957, 'drone_repel_gain': 5.958443469672519, 'drone_repel_range': 4.757995766256757, 'wall_repel_gain': 3.9246176690796775}. Best is trial 1 with value: 0.6249990325304001.
[I 2026-05-12 20:54:36,849] Trial 9 finished with value: 0.5942251241714143 and parameters: {'block_size': 9, 'attract_gain': 4.176805377655879, 'attract_damp_gain': 0.03848094313674957, 'drone_repel_gain': 1.5703008378806709, 'drone_repel_range': 1.1809091556421523, 'wall_repel_gain': 1.0575486010842792}. Best is trial 1 with value: 0.6249990325304001.
[I 2026-05-12 20:55:05,337] Trial 10 finished with value: 0.580417689174302 and parameters: {'block_size': 4, 'attract_gain': 1.908682807607101, 'attract_damp_gain': 0.10057460997717725, 'drone_repel_gain': 8.56303486268355, 'drone_repel_range': 3.560354009870225, 'wall_repel_gain': 2.705006722407739}. Best is trial 1 with value: 0.6249990325304001.
[I 2026-05-12 20:55:32,045] Trial 11 finished with value: 0.6298038703724447 and parameters: {'block_size': 6, 'attract_gain': 2.3574782741449454, 'attract_damp_gain': 0.3107603653207684, 'drone_repel_gain': 3.5621737651536884, 'drone_repel_range': 1.035287286931397, 'wall_repel_gain': 0.5107370662052613}. Best is trial 11 with value: 0.6298038703724447.
[I 2026-05-12 20:56:02,371] Trial 12 finished with value: 0.5084676456128122 and parameters: {'block_size': 5, 'attract_gain': 2.200894979050666, 'attract_damp_gain': 0.3877364807525104, 'drone_repel_gain': 2.414630403352449, 'drone_repel_range': 1.0432527495571782, 'wall_repel_gain': 4.842191800789752}. Best is trial 11 with value: 0.6298038703724447.
[I 2026-05-12 20:56:31,220] Trial 13 finished with value: 0.5782463235475604 and parameters: {'block_size': 5, 'attract_gain': 1.3346235774294157, 'attract_damp_gain': 0.2968050775595212, 'drone_repel_gain': 5.494795146155142, 'drone_repel_range': 2.734183770766646, 'wall_repel_gain': 2.386848885309822}. Best is trial 11 with value: 0.6298038703724447.
[I 2026-05-12 20:56:57,516] Trial 14 finished with value: 0.6078831498510011 and parameters: {'block_size': 6, 'attract_gain': 2.689370708349967, 'attract_damp_gain': 0.11619381149319513, 'drone_repel_gain': 2.2019086029334356, 'drone_repel_range': 1.7501305257334692, 'wall_repel_gain': 0.5278387735001765}. Best is trial 11 with value: 0.6298038703724447.
[I 2026-05-12 20:57:20,476] Trial 15 finished with value: 0.6043898420836131 and parameters: {'block_size': 12, 'attract_gain': 1.5197995050795843, 'attract_damp_gain': 0.15478776289057944, 'drone_repel_gain': 6.524217296961587, 'drone_repel_range': 4.191979476316067, 'wall_repel_gain': 0.8374207739138131}. Best is trial 11 with value: 0.6298038703724447.
[I 2026-05-12 20:57:33,208] Trial 16 finished with value: 0.6365360219498618 and parameters: {'block_size': 5, 'attract_gain': 3.026332088904944, 'attract_damp_gain': 0.08514164524147487, 'drone_repel_gain': 3.705377313915973, 'drone_repel_range': 2.854768454111678, 'wall_repel_gain': 2.2397416974947504}. Best is trial 16 with value: 0.6365360219498618.
[I 2026-05-12 20:57:52,639] Trial 17 finished with value: 0.6109696699214995 and parameters: {'block_size': 6, 'attract_gain': 2.4441385857817033, 'attract_damp_gain': 0.0815464324335304, 'drone_repel_gain': 3.7355731733779147, 'drone_repel_range': 3.005421020633904, 'wall_repel_gain': 2.154493655969578}. Best is trial 16 with value: 0.6365360219498618.
[I 2026-05-12 20:58:13,013] Trial 18 finished with value: 0.5879233629994357 and parameters: {'block_size': 5, 'attract_gain': 1.8529446398870915, 'attract_damp_gain': 0.07462388783662595, 'drone_repel_gain': 1.964050728347545, 'drone_repel_range': 4.0442436759909475, 'wall_repel_gain': 1.1287133582434106}. Best is trial 16 with value: 0.6365360219498618.
[I 2026-05-12 20:58:40,244] Trial 19 finished with value: 0.5698825842677976 and parameters: {'block_size': 7, 'attract_gain': 1.183221051610922, 'attract_damp_gain': 0.31835469668489563, 'drone_repel_gain': 1.120415647365414, 'drone_repel_range': 2.697630746216101, 'wall_repel_gain': 1.9462636179022417}. Best is trial 16 with value: 0.6365360219498618.
[I 2026-05-12 20:59:06,641] Trial 20 finished with value: 0.592358291119503 and parameters: {'block_size': 10, 'attract_gain': 3.3098725711116663, 'attract_damp_gain': 0.1013652935975577, 'drone_repel_gain': 3.039187288132462, 'drone_repel_range': 3.914130122157654, 'wall_repel_gain': 3.008938048756606}. Best is trial 16 with value: 0.6365360219498618.
[I 2026-05-12 20:59:33,214] Trial 21 finished with value: 0.5899244570109332 and parameters: {'block_size': 4, 'attract_gain': 3.402774468201853, 'attract_damp_gain': 0.14944657149768023, 'drone_repel_gain': 4.424910041561794, 'drone_repel_range': 1.3426901363726387, 'wall_repel_gain': 4.978402382537823}. Best is trial 16 with value: 0.6365360219498618.
[I 2026-05-12 20:59:59,540] Trial 22 finished with value: 0.5777052599218747 and parameters: {'block_size': 5, 'attract_gain': 2.7180106518678793, 'attract_damp_gain': 0.22671866020471548, 'drone_repel_gain': 5.049862598348762, 'drone_repel_range': 1.8967872883878727, 'wall_repel_gain': 3.832134264432588}. Best is trial 16 with value: 0.6365360219498618.
[I 2026-05-12 21:00:26,080] Trial 23 finished with value: 0.619210842208969 and parameters: {'block_size': 4, 'attract_gain': 2.0028989098389034, 'attract_damp_gain': 0.30510547866318743, 'drone_repel_gain': 7.168641110010272, 'drone_repel_range': 1.0417963566171142, 'wall_repel_gain': 1.4281048747684142}. Best is trial 16 with value: 0.6365360219498618.
[I 2026-05-12 21:00:53,449] Trial 24 finished with value: 0.6150904682660289 and parameters: {'block_size': 6, 'attract_gain': 3.660241670976427, 'attract_damp_gain': 0.13255428757075477, 'drone_repel_gain': 3.588315100484795, 'drone_repel_range': 2.651441653224483, 'wall_repel_gain': 0.8300435197178987}. Best is trial 16 with value: 0.6365360219498618.
[I 2026-05-12 21:01:22,339] Trial 25 finished with value: 0.606899972214405 and parameters: {'block_size': 5, 'attract_gain': 4.944074383182072, 'attract_damp_gain': 0.49471832215860784, 'drone_repel_gain': 2.7389972709618644, 'drone_repel_range': 1.9957809273387892, 'wall_repel_gain': 3.7704009909446348}. Best is trial 16 with value: 0.6365360219498618.
[I 2026-05-12 21:01:48,991] Trial 26 finished with value: 0.6102162529773578 and parameters: {'block_size': 4, 'attract_gain': 2.852306197682727, 'attract_damp_gain': 0.19558918820532287, 'drone_repel_gain': 4.264363632963418, 'drone_repel_range': 1.421608316846952, 'wall_repel_gain': 1.3382778537263105}. Best is trial 16 with value: 0.6365360219498618.
[I 2026-05-12 21:02:11,474] Trial 27 finished with value: 0.5834023070355523 and parameters: {'block_size': 6, 'attract_gain': 1.6711519559554304, 'attract_damp_gain': 0.08627251501918959, 'drone_repel_gain': 5.109368151851753, 'drone_repel_range': 2.445167339030248, 'wall_repel_gain': 0.6631249899940637}. Best is trial 16 with value: 0.6365360219498618.
[I 2026-05-12 21:02:37,991] Trial 28 finished with value: 0.60720856394404 and parameters: {'block_size': 7, 'attract_gain': 2.321059923673347, 'attract_damp_gain': 0.2600424707443875, 'drone_repel_gain': 7.013062228731913, 'drone_repel_range': 4.4089125661302955, 'wall_repel_gain': 1.9540603429355743}. Best is trial 16 with value: 0.6365360219498618.
[I 2026-05-12 21:03:02,411] Trial 29 finished with value: 0.6181091615437385 and parameters: {'block_size': 5, 'attract_gain': 4.970955013146365, 'attract_damp_gain': 0.17162113639091725, 'drone_repel_gain': 3.7808675757574863, 'drone_repel_range': 1.657374610104677, 'wall_repel_gain': 0.9387334277672624}. Best is trial 16 with value: 0.6365360219498618.
[I 2026-05-12 21:03:02,417] A new study created in memory with name: stc_bo
