[I 2026-05-12 21:48:31,677] Trial 4 finished with value: 0.5376005220245207 and parameters: {'pheromone_weight': 1.3682099526511078, 'heuristic_weight': 4.818467787661575, 'evaporation_rate': 0.10784015325759627, 'target_search_radius': 9.170813260963339, 'attract_gain': 1.9560708142748475, 'attract_damp_gain': 0.05746499650110707}. Best is trial 4 with value: 0.5376005220245207.
[I 2026-05-12 21:48:46,563] Trial 5 finished with value: 0.5389625089047305 and parameters: {'pheromone_weight': 1.822634555704315, 'heuristic_weight': 1.4378826802801035, 'evaporation_rate': 0.041875280562786964, 'target_search_radius': 14.38662644704, 'attract_gain': 4.619575159813622, 'attract_damp_gain': 0.5632733481673016}. Best is trial 5 with value: 0.5389625089047305.
[I 2026-05-12 21:49:08,322] Trial 6 finished with value: 0.46076525606038493 and parameters: {'pheromone_weight': 0.9138413075201121, 'heuristic_weight': 1.0371966270351112, 'evaporation_rate': 0.34527418299095686, 'target_search_radius': 8.281829924875215, 'attract_gain': 0.6622290670049675, 'attract_damp_gain': 0.2203992019084621}. Best is trial 5 with value: 0.5389625089047305.
[I 2026-05-12 21:49:28,428] Trial 7 finished with value: 0.564079258185401 and parameters: {'pheromone_weight': 0.10316556334565519, 'heuristic_weight': 5.501262211433302, 'evaporation_rate': 0.13680219098400828, 'target_search_radius': 10.950267412247783, 'attract_gain': 1.0248990260475088, 'attract_damp_gain': 0.2374619881840204}. Best is trial 7 with value: 0.564079258185401.
[I 2026-05-12 21:49:46,696] Trial 8 finished with value: 0.5484143437236862 and parameters: {'pheromone_weight': 1.640130838029839, 'heuristic_weight': 1.5166995053903987, 'evaporation_rate': 0.4850964676046337, 'target_search_radius': 12.301593880333375, 'attract_gain': 4.349796564256659, 'attract_damp_gain': 0.7297384471483422}. Best is trial 7 with value: 0.564079258185401.
[I 2026-05-12 21:50:09,207] Trial 9 finished with value: 0.45424070410422557 and parameters: {'pheromone_weight': 1.7936999364332555, 'heuristic_weight': 5.570308292627143, 'evaporation_rate': 0.05336132600544055, 'target_search_radius': 5.351794349029742, 'attract_gain': 0.5548777280551549, 'attract_damp_gain': 0.13250568853729486}. Best is trial 7 with value: 0.564079258185401.
[I 2026-05-12 21:50:29,374] Trial 10 finished with value: 0.5704756335100974 and parameters: {'pheromone_weight': 0.06154178550972922, 'heuristic_weight': 3.6326401521906253, 'evaporation_rate': 0.1906770986333377, 'target_search_radius': 7.1622106968794625, 'attract_gain': 2.04068997780618, 'attract_damp_gain': 0.3953685786954512}. Best is trial 10 with value: 0.5704756335100974.
[I 2026-05-12 21:50:49,642] Trial 11 finished with value: 0.5949647219290907 and parameters: {'pheromone_weight': 0.045380447740153894, 'heuristic_weight': 3.9324593994480086, 'evaporation_rate': 0.1859243233176449, 'target_search_radius': 7.2814002625206395, 'attract_gain': 1.8832857726769299, 'attract_damp_gain': 0.4036367863069025}. Best is trial 11 with value: 0.5949647219290907.
[I 2026-05-12 21:51:13,176] Trial 12 finished with value: 0.6034105527791888 and parameters: {'pheromone_weight': 0.5772147881177004, 'heuristic_weight': 3.8238663830888173, 'evaporation_rate': 0.2098801797657868, 'target_search_radius': 6.8194350014976965, 'attract_gain': 2.12675238872364, 'attract_damp_gain': 0.4053347229638129}. Best is trial 12 with value: 0.6034105527791888.
[I 2026-05-12 21:51:30,754] Trial 13 finished with value: 0.5909069494352794 and parameters: {'pheromone_weight': 0.6281751433409141, 'heuristic_weight': 3.56499187346296, 'evaporation_rate': 0.2150965941538395, 'target_search_radius': 3.3023541343514786, 'attract_gain': 2.9555216674978144, 'attract_damp_gain': 0.4255936568017782}. Best is trial 12 with value: 0.6034105527791888.
[I 2026-05-12 21:51:54,482] Trial 14 finished with value: 0.5933591003791525 and parameters: {'pheromone_weight': 0.6800516819726635, 'heuristic_weight': 4.275255739563553, 'evaporation_rate': 0.23608289081881045, 'target_search_radius': 7.113591459195796, 'attract_gain': 1.4335529108015397, 'attract_damp_gain': 0.3690426481950252}. Best is trial 12 with value: 0.6034105527791888.
[I 2026-05-12 21:52:18,108] Trial 15 finished with value: 0.5856415875312591 and parameters: {'pheromone_weight': 0.5780874232406493, 'heuristic_weight': 2.7143543579244787, 'evaporation_rate': 0.1751769184793583, 'target_search_radius': 6.9669560158239126, 'attract_gain': 2.8112756413113678, 'attract_damp_gain': 0.5905735916641072}. Best is trial 12 with value: 0.6034105527791888.
[I 2026-05-12 21:52:37,995] Trial 16 finished with value: 0.5454975658251178 and parameters: {'pheromone_weight': 0.44225174723475, 'heuristic_weight': 4.263754254735165, 'evaporation_rate': 0.42852148732043205, 'target_search_radius': 8.823758266072268, 'attract_gain': 1.5632341183524376, 'attract_damp_gain': 0.3124772913631007}. Best is trial 12 with value: 0.6034105527791888.
[I 2026-05-12 21:52:52,474] Trial 17 finished with value: 0.5940078899648743 and parameters: {'pheromone_weight': 2.558605321482833, 'heuristic_weight': 2.7517099804857943, 'evaporation_rate': 0.2604164838075396, 'target_search_radius': 5.99386879435176, 'attract_gain': 3.0190868086388294, 'attract_damp_gain': 0.5405395291019676}. Best is trial 12 with value: 0.6034105527791888.
[I 2026-05-12 21:53:10,352] Trial 18 finished with value: 0.5850361481838803 and parameters: {'pheromone_weight': 0.3661283263099439, 'heuristic_weight': 4.26990480003914, 'evaporation_rate': 0.1536723951668043, 'target_search_radius': 7.8037685065856515, 'attract_gain': 2.288713986765083, 'attract_damp_gain': 0.16253067920545877}. Best is trial 12 with value: 0.6034105527791888.
[I 2026-05-12 21:53:30,664] Trial 19 finished with value: 0.5520467709302309 and parameters: {'pheromone_weight': 2.1178164070914756, 'heuristic_weight': 3.008813111529118, 'evaporation_rate': 0.27348987126328045, 'target_search_radius': 3.1158657749497594, 'attract_gain': 1.357019379176033, 'attract_damp_gain': 0.8526908714665963}. Best is trial 12 with value: 0.6034105527791888.
[I 2026-05-12 21:53:41,583] Trial 20 finished with value: 0.6141955561343878 and parameters: {'pheromone_weight': 0.9291023391501487, 'heuristic_weight': 3.61531015132784, 'evaporation_rate': 0.016457815046652557, 'target_search_radius': 6.298235387943153, 'attract_gain': 3.645375649128204, 'attract_damp_gain': 0.2894580321327092}. Best is trial 20 with value: 0.6141955561343878.
[I 2026-05-12 21:54:00,331] Trial 21 finished with value: 0.5856875770514347 and parameters: {'pheromone_weight': 0.9421136512967265, 'heuristic_weight': 3.7006769178439525, 'evaporation_rate': 0.02615680502676499, 'target_search_radius': 6.138654949882394, 'attract_gain': 3.69813278436794, 'attract_damp_gain': 0.2975312840137046}. Best is trial 20 with value: 0.6141955561343878.
[I 2026-05-12 21:54:14,695] Trial 22 finished with value: 0.5984061600975947 and parameters: {'pheromone_weight': 0.866195983791691, 'heuristic_weight': 4.710509093267341, 'evaporation_rate': 0.1057084424139181, 'target_search_radius': 4.012993402229318, 'attract_gain': 2.616988214232882, 'attract_damp_gain': 0.46743187708693}. Best is trial 20 with value: 0.6141955561343878.
[I 2026-05-12 21:54:27,446] Trial 23 finished with value: 0.6076694031665778 and parameters: {'pheromone_weight': 0.9237116406900857, 'heuristic_weight': 4.765946343654967, 'evaporation_rate': 0.07894544322862695, 'target_search_radius': 4.233896431539294, 'attract_gain': 3.398929344329667, 'attract_damp_gain': 0.1885536071752128}. Best is trial 20 with value: 0.6141955561343878.
[I 2026-05-12 21:54:42,633] Trial 24 finished with value: 0.5838016888708503 and parameters: {'pheromone_weight': 2.9738315884307975, 'heuristic_weight': 4.8272944153529345, 'evaporation_rate': 0.05943082261963231, 'target_search_radius': 4.274741062053639, 'attract_gain': 3.5992451837564645, 'attract_damp_gain': 0.11720095135754881}. Best is trial 20 with value: 0.6141955561343878.
[I 2026-05-12 21:54:57,195] Trial 25 finished with value: 0.5919024814382022 and parameters: {'pheromone_weight': 1.1526885411233967, 'heuristic_weight': 3.2164071608180813, 'evaporation_rate': 0.08215806623673017, 'target_search_radius': 6.1069051575513225, 'attract_gain': 3.6954044166453555, 'attract_damp_gain': 0.1987663415116983}. Best is trial 20 with value: 0.6141955561343878.
[I 2026-05-12 21:55:15,005] Trial 26 finished with value: 0.554098596136709 and parameters: {'pheromone_weight': 0.7292040735714417, 'heuristic_weight': 2.418406444571877, 'evaporation_rate': 0.014605588152351016, 'target_search_radius': 5.419189896045081, 'attract_gain': 2.418697165097962, 'attract_damp_gain': 0.10529041877721557}. Best is trial 20 with value: 0.6141955561343878.
[I 2026-05-12 21:55:27,723] Trial 27 finished with value: 0.6022369194841551 and parameters: {'pheromone_weight': 1.0867307835228832, 'heuristic_weight': 4.571362391154051, 'evaporation_rate': 0.1405747173037922, 'target_search_radius': 3.843732939676609, 'attract_gain': 3.327515271313588, 'attract_damp_gain': 0.17517894022456607}. Best is trial 20 with value: 0.6141955561343878.
[I 2026-05-12 21:55:42,437] Trial 28 finished with value: 0.6041245991612118 and parameters: {'pheromone_weight': 0.3588964277270198, 'heuristic_weight': 3.947902098804446, 'evaporation_rate': 0.0771673099615653, 'target_search_radius': 9.504497039717618, 'attract_gain': 4.866367704731075, 'attract_damp_gain': 0.30513544690237254}. Best is trial 20 with value: 0.6141955561343878.
[I 2026-05-12 21:56:01,205] Trial 29 finished with value: 0.6014768797236915 and parameters: {'pheromone_weight': 0.33361550365464243, 'heuristic_weight': 5.9860840566453515, 'evaporation_rate': 0.07225614909742858, 'target_search_radius': 9.838865707556884, 'attract_gain': 4.805498527419558, 'attract_damp_gain': 0.2737264218659519}. Best is trial 20 with value: 0.6141955561343878.
[I 2026-05-12 21:56:01,210] A new study created in memory with name: gwo_bo
[I 2026-05-12 21:56:32,746] Trial 0 finished with value: 0.18341855465151502 and parameters: {'a_initial': 1.749080237694725, 'a_final': 0.9507143064099162, 'decay_steps': 447, 'attract_damp_gain': 0.30049873591901566, 'wall_repel_gain': 0.7161246859115125}. Best is trial 0 with value: 0.18341855465151502.
[I 2026-05-12 21:57:16,132] Trial 1 finished with value: 0.021620264134882716 and parameters: {'a_initial': 1.3119890406724053, 'a_final': 0.05808361216819946, 'decay_steps': 669, 'attract_damp_gain': 0.30271829277346235, 'wall_repel_gain': 2.5529516046973773}. Best is trial 0 with value: 0.18341855465151502.
[I 2026-05-12 21:57:46,789] Trial 2 finished with value: 0.2278240000421261 and parameters: {'a_initial': 1.041168988591605, 'a_final': 0.9699098521619943, 'decay_steps': 605, 'attract_damp_gain': 0.09445600138094695, 'wall_repel_gain': 0.7599674150654903}. Best is trial 2 with value: 0.2278240000421261.
[I 2026-05-12 21:58:24,413] Trial 3 finished with value: 0.10964531449575697 and parameters: {'a_initial': 1.3668090197068676, 'a_final': 0.3042422429595377, 'decay_steps': 240, 'attract_damp_gain': 0.1823658142455605, 'wall_repel_gain': 0.9776854331372623}. Best is trial 2 with value: 0.2278240000421261.
[I 2026-05-12 21:59:03,098] Trial 4 finished with value: 0.09107715111370068 and parameters: {'a_initial': 2.223705789444759, 'a_final': 0.13949386065204183, 'decay_steps': 119, 'attract_damp_gain': 0.1498365454855079, 'wall_repel_gain': 1.4290255329034678}. Best is trial 2 with value: 0.2278240000421261.
[I 2026-05-12 21:59:41,263] Trial 5 finished with value: 0.08881345110320583 and parameters: {'a_initial': 2.570351922786027, 'a_final': 0.19967378215835974, 'decay_steps': 232, 'attract_damp_gain': 0.2949301205216347, 'wall_repel_gain': 0.5564426587452863}. Best is trial 2 with value: 0.2278240000421261.
[I 2026-05-12 22:00:19,001] Trial 6 finished with value: 0.09650660798857282 and parameters: {'a_initial': 2.2150897038028767, 'a_final': 0.17052412368729153, 'decay_steps': 60, 'attract_damp_gain': 0.8580222514877407, 'wall_repel_gain': 4.619575159813622}. Best is trial 2 with value: 0.2278240000421261.
[I 2026-05-12 22:00:56,317] Trial 7 finished with value: 0.08176742194727527 and parameters: {'a_initial': 2.6167946962329225, 'a_final': 0.3046137691733707, 'decay_steps': 66, 'attract_damp_gain': 0.3883092140196443, 'wall_repel_gain': 1.377597982475538}. Best is trial 2 with value: 0.2278240000421261.
[I 2026-05-12 22:01:30,245] Trial 8 finished with value: 0.10509426751724911 and parameters: {'a_initial': 1.2440764696895577, 'a_final': 0.4951769101112702, 'decay_steps': 55, 'attract_damp_gain': 0.7621195864233183, 'wall_repel_gain': 0.9072980676745123}. Best is trial 2 with value: 0.2278240000421261.
[I 2026-05-12 22:02:03,438] Trial 9 finished with value: 0.15880142970195815 and parameters: {'a_initial': 2.325044568707964, 'a_final': 0.31171107608941095, 'decay_steps': 236, 'attract_damp_gain': 0.25719142025384634, 'wall_repel_gain': 0.7652872182750088}. Best is trial 2 with value: 0.2278240000421261.
[I 2026-05-12 22:02:37,281] Trial 10 finished with value: 0.15493851489179136 and parameters: {'a_initial': 1.7721064265035125, 'a_final': 0.9327152833768843, 'decay_steps': 913, 'attract_damp_gain': 0.054637087405855086, 'wall_repel_gain': 2.2430376072276923}. Best is trial 2 with value: 0.2278240000421261.
[I 2026-05-12 22:03:07,417] Trial 11 finished with value: 0.14720557756995362 and parameters: {'a_initial': 1.7520466043986813, 'a_final': 0.9871177847451756, 'decay_steps': 447, 'attract_damp_gain': 0.08569152935155765, 'wall_repel_gain': 0.5087455724314981}. Best is trial 2 with value: 0.2278240000421261.
[I 2026-05-12 22:03:39,172] Trial 12 finished with value: 0.17842569675189013 and parameters: {'a_initial': 1.0243678885043055, 'a_final': 0.7757183712887339, 'decay_steps': 478, 'attract_damp_gain': 0.11690739559375941, 'wall_repel_gain': 0.718904753708633}. Best is trial 2 with value: 0.2278240000421261.
[I 2026-05-12 22:04:14,883] Trial 13 finished with value: 0.15528179156480107 and parameters: {'a_initial': 1.6751287843794371, 'a_final': 0.689890423349692, 'decay_steps': 435, 'attract_damp_gain': 0.5286509767606815, 'wall_repel_gain': 1.1015360983031346}. Best is trial 2 with value: 0.2278240000421261.
[I 2026-05-12 22:04:43,873] Trial 14 finished with value: 0.18913426890859678 and parameters: {'a_initial': 1.597292866539898, 'a_final': 0.7908357982212786, 'decay_steps': 985, 'attract_damp_gain': 0.06476473044681612, 'wall_repel_gain': 0.6490940701274948}. Best is trial 2 with value: 0.2278240000421261.
[I 2026-05-12 22:05:13,844] Trial 15 finished with value: 0.206615589087798 and parameters: {'a_initial': 2.9313891508839465, 'a_final': 0.7719295837601932, 'decay_steps': 989, 'attract_damp_gain': 0.05872194714123204, 'wall_repel_gain': 2.2899485753107887}. Best is trial 2 with value: 0.2278240000421261.
[I 2026-05-12 22:05:41,407] Trial 16 finished with value: 0.24450190929066373 and parameters: {'a_initial': 2.9987248772831023, 'a_final': 0.5888169616680107, 'decay_steps': 672, 'attract_damp_gain': 0.09224145810331316, 'wall_repel_gain': 2.3138608538704157}. Best is trial 16 with value: 0.24450190929066373.
[I 2026-05-12 22:06:12,970] Trial 17 finished with value: 0.22908589873405757 and parameters: {'a_initial': 2.996048739765465, 'a_final': 0.5460502071617207, 'decay_steps': 628, 'attract_damp_gain': 0.08709605461899614, 'wall_repel_gain': 3.2023831440251165}. Best is trial 16 with value: 0.24450190929066373.
[I 2026-05-12 22:06:43,633] Trial 18 finished with value: 0.2298947908949205 and parameters: {'a_initial': 2.9980235401189304, 'a_final': 0.5311240303514603, 'decay_steps': 150, 'attract_damp_gain': 0.13917408472607348, 'wall_repel_gain': 3.617307560682293}. Best is trial 16 with value: 0.24450190929066373.
[I 2026-05-12 22:07:15,285] Trial 19 finished with value: 0.20428686451864808 and parameters: {'a_initial': 2.744238980079487, 'a_final': 0.5396860128758314, 'decay_steps': 154, 'attract_damp_gain': 0.13942995540363134, 'wall_repel_gain': 4.54125191424288}. Best is trial 16 with value: 0.24450190929066373.
[I 2026-05-12 22:07:50,482] Trial 20 finished with value: 0.15596178367022817 and parameters: {'a_initial': 2.7997204262088804, 'a_final': 0.45810838601637144, 'decay_steps': 94, 'attract_damp_gain': 0.19639666417323895, 'wall_repel_gain': 3.52152598801039}. Best is trial 16 with value: 0.24450190929066373.
[I 2026-05-12 22:08:20,431] Trial 21 finished with value: 0.24647159127373208 and parameters: {'a_initial': 2.9446578184906267, 'a_final': 0.6574004959005502, 'decay_steps': 325, 'attract_damp_gain': 0.0832961510776673, 'wall_repel_gain': 3.146328294403744}. Best is trial 21 with value: 0.24647159127373208.
[I 2026-05-12 22:08:53,452] Trial 22 finished with value: 0.17014218010640156 and parameters: {'a_initial': 2.468621513998998, 'a_final': 0.6484112247622568, 'decay_steps': 319, 'attract_damp_gain': 0.11362144221538902, 'wall_repel_gain': 1.8292978507262476}. Best is trial 21 with value: 0.24647159127373208.
[I 2026-05-12 22:09:22,108] Trial 23 finished with value: 0.2074788106909949 and parameters: {'a_initial': 2.827065041938521, 'a_final': 0.6182888128740075, 'decay_steps': 147, 'attract_damp_gain': 0.07035702689227412, 'wall_repel_gain': 3.258094748952607}. Best is trial 21 with value: 0.24647159127373208.
[I 2026-05-12 22:09:54,733] Trial 24 finished with value: 0.1680465366867848 and parameters: {'a_initial': 2.999443424499549, 'a_final': 0.42663040003912733, 'decay_steps': 349, 'attract_damp_gain': 0.14730736412773468, 'wall_repel_gain': 2.8415547386144717}. Best is trial 21 with value: 0.24647159127373208.
[I 2026-05-12 22:10:27,740] Trial 25 finished with value: 0.1958667694065623 and parameters: {'a_initial': 2.708094490698468, 'a_final': 0.3867726128082969, 'decay_steps': 172, 'attract_damp_gain': 0.10669458613765555, 'wall_repel_gain': 3.9744750007818768}. Best is trial 21 with value: 0.24647159127373208.
[I 2026-05-12 22:11:00,253] Trial 26 finished with value: 0.17906870177861767 and parameters: {'a_initial': 2.450060642564477, 'a_final': 0.5954260076608708, 'decay_steps': 325, 'attract_damp_gain': 0.07601029674851349, 'wall_repel_gain': 1.8825082354298657}. Best is trial 21 with value: 0.24647159127373208.
[I 2026-05-12 22:11:27,776] Trial 27 finished with value: 0.22343528409394095 and parameters: {'a_initial': 2.038792786444038, 'a_final': 0.836188630457436, 'decay_steps': 91, 'attract_damp_gain': 0.17930703977593723, 'wall_repel_gain': 3.8058168624498845}. Best is trial 21 with value: 0.24647159127373208.
[I 2026-05-12 22:12:00,234] Trial 28 finished with value: 0.24754051445462477 and parameters: {'a_initial': 2.879347558657792, 'a_final': 0.6774687921218294, 'decay_steps': 206, 'attract_damp_gain': 0.05055887997041598, 'wall_repel_gain': 2.7022355803384226}. Best is trial 28 with value: 0.24754051445462477.
[I 2026-05-12 22:12:28,118] Trial 29 finished with value: 0.21811623387507165 and parameters: {'a_initial': 2.8301399603331734, 'a_final': 0.6980966400054013, 'decay_steps': 279, 'attract_damp_gain': 0.05305036969439237, 'wall_repel_gain': 1.7796186478082292}. Best is trial 28 with value: 0.24754051445462477.
[I 2026-05-12 22:12:28,122] A new study created in memory with name: pf_bo
[I 2026-05-12 22:12:48,544] Trial 0 finished with value: 0.5150039048913456 and parameters: {'attract_gain': 1.184431975182039, 'attract_damp_gain': 0.4352615870509423, 'drone_repel_gain': 5.395030966670228, 'drone_repel_range': 3.993292420985183, 'wall_repel_gain': 0.7161246859115125, 'wall_repel_range': 1.4679835610086078}. Best is trial 0 with value: 0.5150039048913456.
[I 2026-05-12 22:13:30,995] Trial 1 finished with value: 0.12243328894011035 and parameters: {'attract_gain': 0.5715491938156609, 'attract_damp_gain': 0.34312905594108606, 'drone_repel_gain': 3.9913058785616786, 'drone_repel_range': 4.540362888980227, 'wall_repel_gain': 0.5242693862597309, 'wall_repel_range': 3.909729556485983}. Best is trial 0 with value: 0.5150039048913456.
[I 2026-05-12 22:13:49,546] Trial 2 finished with value: 0.47186889563299445 and parameters: {'attract_gain': 3.3994812107955634, 'attract_damp_gain': 0.05452146684780458, 'drone_repel_gain': 1.5199348301309807, 'drone_repel_range': 1.917022549267169, 'wall_repel_gain': 1.0074238942079328, 'wall_repel_range': 2.5742692948967134}. Best is trial 0 with value: 0.5150039048913456.
[I 2026-05-12 22:14:08,692] Trial 3 finished with value: 0.4974591961796931 and parameters: {'attract_gain': 1.3518080333310003, 'attract_damp_gain': 0.06807054308288805, 'drone_repel_gain': 4.091220574443785, 'drone_repel_range': 1.6974693032602093, 'wall_repel_gain': 0.979748602933958, 'wall_repel_range': 2.099085529881075}. Best is trial 0 with value: 0.5150039048913456.
[I 2026-05-12 22:14:27,470] Trial 4 finished with value: 0.5376649011882759 and parameters: {'attract_gain': 1.4290255329034678, 'attract_damp_gain': 0.27320429427084747, 'drone_repel_gain': 1.5837031559118748, 'drone_repel_range': 3.571172192068058, 'wall_repel_gain': 1.9560708142748475, 'wall_repel_range': 1.139351238159993}. Best is trial 4 with value: 0.5376649011882759.
[I 2026-05-12 22:15:10,363] Trial 5 finished with value: 0.12173338815321194 and parameters: {'attract_gain': 2.0254188906648367, 'attract_damp_gain': 0.048470326148593035, 'drone_repel_gain': 1.1615865989246452, 'drone_repel_range': 5.7444276862666666, 'wall_repel_gain': 4.619575159813622, 'wall_repel_range': 3.4251920443493833}. Best is trial 4 with value: 0.5376649011882759.
