[I 2026-05-12 21:30:37,248] Trial 5 finished with value: 0.6306141493038085 and parameters: {'p_mutation': 0.3841496685457911, 'p_crossover': 0.14378826802801034, 'elite_fraction': 0.07276805754484783, 'attract_gain': 4.4448339535094625, 'attract_damp_gain': 0.9021655603568132, 'drone_repel_gain': 6.432759992849893}. Best is trial 5 with value: 0.6306141493038085.
[I 2026-05-12 21:30:52,096] Trial 6 finished with value: 0.5388527633273287 and parameters: {'p_mutation': 0.21753757304535387, 'p_crossover': 0.10371966270351113, 'elite_fraction': 0.28948155927925495, 'attract_gain': 1.377597982475538, 'attract_damp_gain': 0.07206848764305199, 'drone_repel_gain': 3.1273530367803706}. Best is trial 5 with value: 0.6306141493038085.
[I 2026-05-12 21:31:03,446] Trial 7 finished with value: 0.5845683022899577 and parameters: {'p_mutation': 0.06891368661337012, 'p_crossover': 0.5501262211433301, 'elite_fraction': 0.14057299356000594, 'attract_gain': 2.2987528923660823, 'attract_damp_gain': 0.12720830454691837, 'drone_repel_gain': 3.3118298880723813}. Best is trial 5 with value: 0.6306141493038085.
[I 2026-05-12 21:31:19,840] Trial 8 finished with value: 0.6232379104463485 and parameters: {'p_mutation': 0.35069065363880375, 'p_crossover': 0.15166995053903987, 'elite_fraction': 0.38935461971759555, 'attract_gain': 2.9792217348362584, 'attract_damp_gain': 0.8342309693146734, 'drone_repel_gain': 7.849235338159358}. Best is trial 5 with value: 0.6306141493038085.
[I 2026-05-12 21:31:45,120] Trial 9 finished with value: 0.4697479109757691 and parameters: {'p_mutation': 0.3788449883460968, 'p_crossover': 0.5570308292627142, 'elite_fraction': 0.08097237571817183, 'attract_gain': 0.7851504189403354, 'attract_damp_gain': 0.05725482134163319, 'drone_repel_gain': 2.1150972021685583}. Best is trial 5 with value: 0.6306141493038085.
[I 2026-05-12 21:32:02,164] Trial 10 finished with value: 0.628641326779 and parameters: {'p_mutation': 0.5752585741096561, 'p_crossover': 0.3103300268000677, 'elite_fraction': 0.17905507045238409, 'attract_gain': 4.5093592238056415, 'attract_damp_gain': 0.9529026160485108, 'drone_repel_gain': 6.058669604321785}. Best is trial 5 with value: 0.6306141493038085.
[I 2026-05-12 21:32:22,952] Trial 11 finished with value: 0.6018373163401706 and parameters: {'p_mutation': 0.5901316357336339, 'p_crossover': 0.3276069342908716, 'elite_fraction': 0.18746679155577525, 'attract_gain': 4.97065399770045, 'attract_damp_gain': 0.9875032201521765, 'drone_repel_gain': 5.810125412375463}. Best is trial 5 with value: 0.6306141493038085.
[I 2026-05-12 21:32:40,109] Trial 12 finished with value: 0.6165781368167718 and parameters: {'p_mutation': 0.4633742648756807, 'p_crossover': 0.2937877449264315, 'elite_fraction': 0.1698805978082148, 'attract_gain': 4.626582679775709, 'attract_damp_gain': 0.589154348566538, 'drone_repel_gain': 5.506165717796819}. Best is trial 5 with value: 0.6306141493038085.
[I 2026-05-12 21:32:57,813] Trial 13 finished with value: 0.6010384532918337 and parameters: {'p_mutation': 0.5726923992773972, 'p_crossover': 0.39744686839614507, 'elite_fraction': 0.07145219889001184, 'attract_gain': 3.6477940571867697, 'attract_damp_gain': 0.4013066071409431, 'drone_repel_gain': 5.703176280151324}. Best is trial 5 with value: 0.6306141493038085.
[I 2026-05-12 21:33:13,563] Trial 14 finished with value: 0.610059678437675 and parameters: {'p_mutation': 0.4356394274665681, 'p_crossover': 0.06847223671395958, 'elite_fraction': 0.20748172706400828, 'attract_gain': 3.4323468998645206, 'attract_damp_gain': 0.5534966657945593, 'drone_repel_gain': 4.579897150621579}. Best is trial 5 with value: 0.6306141493038085.
[I 2026-05-12 21:33:37,787] Trial 15 finished with value: 0.5474278290615705 and parameters: {'p_mutation': 0.5191154437160365, 'p_crossover': 0.2574695575742345, 'elite_fraction': 0.05894232318369011, 'attract_gain': 1.1275492828881506, 'attract_damp_gain': 0.6593475186534646, 'drone_repel_gain': 7.256116090520528}. Best is trial 5 with value: 0.6306141493038085.
[I 2026-05-12 21:33:52,761] Trial 16 finished with value: 0.6095796078250642 and parameters: {'p_mutation': 0.17007637340286896, 'p_crossover': 0.37641433860210216, 'elite_fraction': 0.34894391951459436, 'attract_gain': 3.970189496138515, 'attract_damp_gain': 0.3893134840772065, 'drone_repel_gain': 4.479483394989502}. Best is trial 5 with value: 0.6306141493038085.
[I 2026-05-12 21:34:08,506] Trial 17 finished with value: 0.6170155056732071 and parameters: {'p_mutation': 0.4465674334583616, 'p_crossover': 0.4347981293047344, 'elite_fraction': 0.15613720949887983, 'attract_gain': 2.8654551900073177, 'attract_damp_gain': 0.20152114024912915, 'drone_repel_gain': 9.316866059282873}. Best is trial 5 with value: 0.6306141493038085.
[I 2026-05-12 21:34:31,032] Trial 18 finished with value: 0.6054000947426882 and parameters: {'p_mutation': 0.39705308937835476, 'p_crossover': 0.2392174919690126, 'elite_fraction': 0.2385867307949833, 'attract_gain': 1.9394218189592858, 'attract_damp_gain': 0.7719232363200148, 'drone_repel_gain': 6.974295359575889}. Best is trial 5 with value: 0.6306141493038085.
[I 2026-05-12 21:34:53,871] Trial 19 finished with value: 0.5566640595551523 and parameters: {'p_mutation': 0.5421823691771073, 'p_crossover': 0.32005628208719494, 'elite_fraction': 0.21088494861012053, 'attract_gain': 1.004511054714769, 'attract_damp_gain': 0.43413430422246563, 'drone_repel_gain': 4.126591578265226}. Best is trial 5 with value: 0.6306141493038085.
[I 2026-05-12 21:35:11,113] Trial 20 finished with value: 0.5999616479050642 and parameters: {'p_mutation': 0.4899710173338804, 'p_crossover': 0.16174621041552018, 'elite_fraction': 0.09477290068066027, 'attract_gain': 3.918620678106449, 'attract_damp_gain': 0.20721926016255748, 'drone_repel_gain': 2.479038231605572}. Best is trial 5 with value: 0.6306141493038085.
[I 2026-05-12 21:35:24,185] Trial 21 finished with value: 0.6453094305110868 and parameters: {'p_mutation': 0.3510383257013727, 'p_crossover': 0.15144789935122865, 'elite_fraction': 0.39941106126526804, 'attract_gain': 3.1629478694085504, 'attract_damp_gain': 0.9990415228294238, 'drone_repel_gain': 7.484236835802416}. Best is trial 21 with value: 0.6453094305110868.
[I 2026-05-12 21:35:41,322] Trial 22 finished with value: 0.6387066499957229 and parameters: {'p_mutation': 0.39974506734272586, 'p_crossover': 0.10611174328623936, 'elite_fraction': 0.38983189591319717, 'attract_gain': 4.734158340108476, 'attract_damp_gain': 0.8811414094997811, 'drone_repel_gain': 7.0346020149794155}. Best is trial 21 with value: 0.6453094305110868.
[I 2026-05-12 21:36:01,359] Trial 23 finished with value: 0.6281922709020377 and parameters: {'p_mutation': 0.34003654156623847, 'p_crossover': 0.09959572912108527, 'elite_fraction': 0.3962999152450226, 'attract_gain': 3.136662954873903, 'attract_damp_gain': 0.6980860071466118, 'drone_repel_gain': 8.568844766105583}. Best is trial 21 with value: 0.6453094305110868.
[I 2026-05-12 21:36:18,587] Trial 24 finished with value: 0.6347236458390957 and parameters: {'p_mutation': 0.3984869847021827, 'p_crossover': 0.06074932542691103, 'elite_fraction': 0.36382688212128567, 'attract_gain': 4.098981501597437, 'attract_damp_gain': 0.5379153647778028, 'drone_repel_gain': 6.911807910939549}. Best is trial 21 with value: 0.6453094305110868.
[I 2026-05-12 21:36:40,898] Trial 25 finished with value: 0.5902577565253733 and parameters: {'p_mutation': 0.4175046098541762, 'p_crossover': 0.05154265956949984, 'elite_fraction': 0.3543211872405655, 'attract_gain': 2.4941481374846726, 'attract_damp_gain': 0.502456273862823, 'drone_repel_gain': 4.846827023762211}. Best is trial 21 with value: 0.6453094305110868.
[I 2026-05-12 21:36:57,490] Trial 26 finished with value: 0.6173014237310831 and parameters: {'p_mutation': 0.3223572295325443, 'p_crossover': 0.10210165601075422, 'elite_fraction': 0.35023018022142915, 'attract_gain': 3.6981914925782773, 'attract_damp_gain': 0.29743699603039847, 'drone_repel_gain': 7.5339737563134275}. Best is trial 21 with value: 0.6453094305110868.
[I 2026-05-12 21:37:14,517] Trial 27 finished with value: 0.6209849269651511 and parameters: {'p_mutation': 0.17217232358857545, 'p_crossover': 0.20310065035329664, 'elite_fraction': 0.36971558978381125, 'attract_gain': 3.1606896152034882, 'attract_damp_gain': 0.6765997448708051, 'drone_repel_gain': 9.844104049523171}. Best is trial 21 with value: 0.6453094305110868.
[I 2026-05-12 21:37:35,042] Trial 28 finished with value: 0.5799699476565264 and parameters: {'p_mutation': 0.2690495236877132, 'p_crossover': 0.11810061303356986, 'elite_fraction': 0.31952359832391136, 'attract_gain': 2.1072225603373558, 'attract_damp_gain': 0.3077175320774016, 'drone_repel_gain': 3.7575040407814178}. Best is trial 21 with value: 0.6453094305110868.
[I 2026-05-12 21:38:01,290] Trial 29 finished with value: 0.5109435681560156 and parameters: {'p_mutation': 0.2293967844174386, 'p_crossover': 0.05367428512670715, 'elite_fraction': 0.3298044802453096, 'attract_gain': 0.5342041074342758, 'attract_damp_gain': 0.48451267318983854, 'drone_repel_gain': 1.6423171557355385}. Best is trial 21 with value: 0.6453094305110868.
[I 2026-05-12 21:38:01,331] A new study created in memory with name: sa_bo
[I 2026-05-12 21:38:19,347] Trial 0 finished with value: 0.556253793343914 and parameters: {'T_initial': 1.5355286838886855, 'cooling_rate': 0.9941207163345817, 'perturb_radius': 7.587945476302646, 'attract_gain': 1.9843966652221854, 'attract_damp_gain': 0.07979118876474872, 'drone_repel_gain': 1.4321698289111515}. Best is trial 0 with value: 0.556253793343914.
[I 2026-05-12 21:38:28,355] Trial 1 finished with value: 0.6126722958205146 and parameters: {'T_initial': 0.5950295391592122, 'cooling_rate': 0.9857514384317185, 'perturb_radius': 6.41003510568888, 'attract_gain': 2.5529516046973773, 'attract_damp_gain': 0.05318033256270143, 'drone_repel_gain': 9.330606024425668}. Best is trial 1 with value: 0.6126722958205146.
[I 2026-05-12 21:38:51,495] Trial 2 finished with value: 0.5078265411425456 and parameters: {'T_initial': 6.053448468001084, 'cooling_rate': 0.9210215719571494, 'perturb_radius': 2.636424704863906, 'attract_gain': 0.7627364729026304, 'attract_damp_gain': 0.12439367209907215, 'drone_repel_gain': 3.347776308515933}. Best is trial 1 with value: 0.6126722958205146.
[I 2026-05-12 21:39:15,018] Trial 3 finished with value: 0.49368357009807246 and parameters: {'T_initial': 1.823658142455605, 'cooling_rate': 0.9288316848796062, 'perturb_radius': 6.506676052501415, 'attract_gain': 0.6893882309676883, 'attract_damp_gain': 0.11996621453406359, 'drone_repel_gain': 2.324672848950434}. Best is trial 1 with value: 0.6126722958205146.
[I 2026-05-12 21:39:36,074] Trial 4 finished with value: 0.5681891612639629 and parameters: {'T_initial': 1.9603369861210684, 'cooling_rate': 0.9777324201779084, 'perturb_radius': 2.7970640394252375, 'attract_gain': 1.6338208828908807, 'attract_damp_gain': 0.2949301205216347, 'drone_repel_gain': 1.1128853174905728}. Best is trial 1 with value: 0.6126722958205146.
[I 2026-05-12 21:39:54,207] Trial 5 finished with value: 0.6322402762790628 and parameters: {'T_initial': 3.0860579740535368, 'cooling_rate': 0.9168818882450419, 'perturb_radius': 1.5854643368675156, 'attract_gain': 4.4448339535094625, 'attract_damp_gain': 0.9021655603568132, 'drone_repel_gain': 6.432759992849893}. Best is trial 5 with value: 0.6322402762790628.
[I 2026-05-12 21:40:16,594] Trial 6 finished with value: 0.5163337883342815 and parameters: {'T_initial': 1.2453219846912196, 'cooling_rate': 0.9096695392866321, 'perturb_radius': 7.158097238609412, 'attract_gain': 1.377597982475538, 'attract_damp_gain': 0.07206848764305199, 'drone_repel_gain': 3.1273530367803706}. Best is trial 5 with value: 0.6322402762790628.
[I 2026-05-12 21:40:37,144] Trial 7 finished with value: 0.5705722909118768 and parameters: {'T_initial': 0.5542561258655851, 'cooling_rate': 0.9900227198057995, 'perturb_radius': 3.3290198344001523, 'attract_gain': 2.2987528923660823, 'attract_damp_gain': 0.12720830454691837, 'drone_repel_gain': 3.3118298880723813}. Best is trial 5 with value: 0.6322402762790628.
[I 2026-05-12 21:40:53,140] Trial 8 finished with value: 0.5834289103962538 and parameters: {'T_initial': 2.5719142025384643, 'cooling_rate': 0.9183005910970272, 'perturb_radius': 9.726261649881026, 'attract_gain': 2.9792217348362584, 'attract_damp_gain': 0.8342309693146734, 'drone_repel_gain': 7.849235338159358}. Best is trial 5 with value: 0.6322402762790628.
[I 2026-05-12 21:41:16,906] Trial 9 finished with value: 0.4848394295484444 and parameters: {'T_initial': 2.99816694120633, 'cooling_rate': 0.9912655492672886, 'perturb_radius': 1.7964325184672756, 'attract_gain': 0.7851504189403354, 'attract_damp_gain': 0.05725482134163319, 'drone_repel_gain': 2.1150972021685583}. Best is trial 5 with value: 0.6322402762790628.
[I 2026-05-12 21:41:37,218] Trial 10 finished with value: 0.616756670739157 and parameters: {'T_initial': 8.739245354178951, 'cooling_rate': 0.9468594048240122, 'perturb_radius': 4.318558954489876, 'attract_gain': 4.5093592238056415, 'attract_damp_gain': 0.9529026160485108, 'drone_repel_gain': 6.058669604321785}. Best is trial 5 with value: 0.6322402762790628.
[I 2026-05-12 21:41:57,922] Trial 11 finished with value: 0.6145578951716443 and parameters: {'T_initial': 9.476681716997613, 'cooling_rate': 0.949969248172357, 'perturb_radius': 4.534860354291363, 'attract_gain': 4.97065399770045, 'attract_damp_gain': 0.9875032201521765, 'drone_repel_gain': 5.810125412375463}. Best is trial 5 with value: 0.6322402762790628.
[I 2026-05-12 21:42:16,764] Trial 12 finished with value: 0.623607780846246 and parameters: {'T_initial': 4.751279538267835, 'cooling_rate': 0.9438817940867577, 'perturb_radius': 4.082643943639809, 'attract_gain': 4.626582679775709, 'attract_damp_gain': 0.589154348566538, 'drone_repel_gain': 5.506165717796819}. Best is trial 5 with value: 0.6322402762790628.
[I 2026-05-12 21:42:27,971] Trial 13 finished with value: 0.6428292179341554 and parameters: {'T_initial': 4.401769674020868, 'cooling_rate': 0.9402703996724318, 'perturb_radius': 1.5125697053584355, 'attract_gain': 3.6477940571867697, 'attract_damp_gain': 0.4992090077076047, 'drone_repel_gain': 4.914037930516809}. Best is trial 13 with value: 0.6428292179341554.
[I 2026-05-12 21:42:39,831] Trial 14 finished with value: 0.6184157885360775 and parameters: {'T_initial': 4.085108283175785, 'cooling_rate': 0.9033250026085128, 'perturb_radius': 1.0333138721021924, 'attract_gain': 3.7466165691344044, 'attract_damp_gain': 0.4550576890198257, 'drone_repel_gain': 4.486835489809105}. Best is trial 13 with value: 0.6428292179341554.
[I 2026-05-12 21:42:53,233] Trial 15 finished with value: 0.6453240899729387 and parameters: {'T_initial': 3.3144612046382234, 'cooling_rate': 0.961649779364165, 'perturb_radius': 1.2299454532948886, 'attract_gain': 3.3617538966790272, 'attract_damp_gain': 0.3477081818904833, 'drone_repel_gain': 4.412387903116375}. Best is trial 15 with value: 0.6453240899729387.
[I 2026-05-12 21:43:14,498] Trial 16 finished with value: 0.5590565693267976 and parameters: {'T_initial': 6.224237300917695, 'cooling_rate': 0.9691536938118719, 'perturb_radius': 2.2493155379732905, 'attract_gain': 1.1473925496243118, 'attract_damp_gain': 0.2824439995951444, 'drone_repel_gain': 4.479410490748425}. Best is trial 15 with value: 0.6453240899729387.
[I 2026-05-12 21:43:23,546] Trial 17 finished with value: 0.635908216109434 and parameters: {'T_initial': 4.027420276026831, 'cooling_rate': 0.9617129175591078, 'perturb_radius': 5.2933557455166245, 'attract_gain': 3.1384884941757485, 'attract_damp_gain': 0.4728573594185155, 'drone_repel_gain': 4.257764424195168}. Best is trial 15 with value: 0.6453240899729387.
[I 2026-05-12 21:43:36,956] Trial 18 finished with value: 0.6057702990800897 and parameters: {'T_initial': 0.987959401099485, 'cooling_rate': 0.934800644155188, 'perturb_radius': 3.425258317252819, 'attract_gain': 3.41022807479213, 'attract_damp_gain': 0.1840438365969184, 'drone_repel_gain': 2.228795816957192}. Best is trial 15 with value: 0.6453240899729387.
[I 2026-05-12 21:43:46,977] Trial 19 finished with value: 0.6118194564604618 and parameters: {'T_initial': 6.268362537266451, 'cooling_rate': 0.9607243694678297, 'perturb_radius': 1.0041487371989024, 'attract_gain': 2.0004759024627283, 'attract_damp_gain': 0.36176740802067076, 'drone_repel_gain': 7.722794361651064}. Best is trial 15 with value: 0.6453240899729387.
[I 2026-05-12 21:44:08,375] Trial 20 finished with value: 0.5327957288337445 and parameters: {'T_initial': 3.405639329268131, 'cooling_rate': 0.9559348804968502, 'perturb_radius': 9.101933531047042, 'attract_gain': 0.9754541909655271, 'attract_damp_gain': 0.18514587781869862, 'drone_repel_gain': 2.784994259025061}. Best is trial 15 with value: 0.6453240899729387.
[I 2026-05-12 21:44:28,194] Trial 21 finished with value: 0.6037478259252059 and parameters: {'T_initial': 4.484881566996375, 'cooling_rate': 0.9652566475483949, 'perturb_radius': 5.021221122085665, 'attract_gain': 3.1002388733704507, 'attract_damp_gain': 0.5676999568530473, 'drone_repel_gain': 4.313450746738344}. Best is trial 15 with value: 0.6453240899729387.
[I 2026-05-12 21:44:38,586] Trial 22 finished with value: 0.6298784814762773 and parameters: {'T_initial': 3.6530264510828396, 'cooling_rate': 0.9765959311095752, 'perturb_radius': 5.955125012202876, 'attract_gain': 2.764049642889154, 'attract_damp_gain': 0.47016861740156496, 'drone_repel_gain': 4.0483318657151575}. Best is trial 15 with value: 0.6453240899729387.
[I 2026-05-12 21:44:58,286] Trial 23 finished with value: 0.6072840505515592 and parameters: {'T_initial': 2.4377937194425052, 'cooling_rate': 0.9380383142659177, 'perturb_radius': 3.2080119845680772, 'attract_gain': 3.6648574073867457, 'attract_damp_gain': 0.37595481975569717, 'drone_repel_gain': 5.092262451899837}. Best is trial 15 with value: 0.6453240899729387.
[I 2026-05-12 21:45:18,716] Trial 24 finished with value: 0.5780035171637351 and parameters: {'T_initial': 4.93619088873967, 'cooling_rate': 0.9530196656952079, 'perturb_radius': 8.20636997902229, 'attract_gain': 2.145855121951923, 'attract_damp_gain': 0.6909625383276672, 'drone_repel_gain': 3.8772369280178256}. Best is trial 15 with value: 0.6453240899729387.
[I 2026-05-12 21:45:29,013] Trial 25 finished with value: 0.6168838171547381 and parameters: {'T_initial': 5.799416629222153, 'cooling_rate': 0.9720359361936568, 'perturb_radius': 2.026829206207713, 'attract_gain': 3.7480052953450285, 'attract_damp_gain': 0.2565636617102131, 'drone_repel_gain': 7.3043560408046915}. Best is trial 15 with value: 0.6453240899729387.
[I 2026-05-12 21:45:51,593] Trial 26 finished with value: 0.5158094807420083 and parameters: {'T_initial': 2.6185869294860082, 'cooling_rate': 0.9612607013373393, 'perturb_radius': 5.0175888653815415, 'attract_gain': 0.5133846769904011, 'attract_damp_gain': 0.3841402998578886, 'drone_repel_gain': 5.071015135440953}. Best is trial 15 with value: 0.6453240899729387.
[I 2026-05-12 21:46:12,200] Trial 27 finished with value: 0.5811370222568409 and parameters: {'T_initial': 7.511181005587893, 'cooling_rate': 0.9384446160142235, 'perturb_radius': 3.78593670230272, 'attract_gain': 1.6453495847279462, 'attract_damp_gain': 0.6438841074098463, 'drone_repel_gain': 2.6219648630810397}. Best is trial 15 with value: 0.6453240899729387.
[I 2026-05-12 21:46:26,973] Trial 28 finished with value: 0.6161203560585529 and parameters: {'T_initial': 3.732667779050423, 'cooling_rate': 0.929802081072603, 'perturb_radius': 1.5304780826335498, 'attract_gain': 2.4806484796768595, 'attract_damp_gain': 0.4523868258181543, 'drone_repel_gain': 1.7759625772261929}. Best is trial 15 with value: 0.6453240899729387.
[I 2026-05-12 21:46:46,381] Trial 29 finished with value: 0.5527642373943783 and parameters: {'T_initial': 1.486481475371135, 'cooling_rate': 0.9987495130196163, 'perturb_radius': 8.087642639899313, 'attract_gain': 1.8572718655162412, 'attract_damp_gain': 0.2242188778110521, 'drone_repel_gain': 3.7812841076399053}. Best is trial 15 with value: 0.6453240899729387.
[I 2026-05-12 21:46:46,385] A new study created in memory with name: aco_bo
[I 2026-05-12 21:47:10,551] Trial 0 finished with value: 0.4891436382988041 and parameters: {'pheromone_weight': 1.1236203565420875, 'heuristic_weight': 5.728928685254539, 'evaporation_rate': 0.3686770314875885, 'target_search_radius': 10.18390181036444, 'attract_gain': 0.7161246859115125, 'attract_damp_gain': 0.07978542347074179}. Best is trial 0 with value: 0.4891436382988041.
[I 2026-05-12 21:47:35,217] Trial 1 finished with value: 0.5030413408182065 and parameters: {'pheromone_weight': 0.17425083650459838, 'heuristic_weight': 5.263968801762143, 'evaporation_rate': 0.3045463557541723, 'target_search_radius': 11.496870933552547, 'attract_gain': 0.5242693862597309, 'attract_damp_gain': 0.9138013915892862}. Best is trial 1 with value: 0.5030413408182065.
[I 2026-05-12 21:47:55,846] Trial 2 finished with value: 0.5322542381045472 and parameters: {'pheromone_weight': 2.497327922401265, 'heuristic_weight': 1.6678651087305187, 'evaporation_rate': 0.0990942339314793, 'target_search_radius': 5.200854118241206, 'attract_gain': 1.0074238942079328, 'attract_damp_gain': 0.2408207265453542}. Best is trial 2 with value: 0.5322542381045472.
[I 2026-05-12 21:48:16,273] Trial 3 finished with value: 0.5173177826477571 and parameters: {'pheromone_weight': 1.2958350559263474, 'heuristic_weight': 2.1017602710892307, 'evaporation_rate': 0.30980791841396593, 'target_search_radius': 4.673926327824502, 'attract_gain': 0.979748602933958, 'attract_damp_gain': 0.1498365454855079}. Best is trial 2 with value: 0.5322542381045472.
