[I 2026-05-12 21:03:29,792] Trial 0 finished with value: 0.6202829688816676 and parameters: {'attract_gain': 2.178930765977573, 'attract_damp_gain': 0.8627358286640178, 'drone_repel_gain': 10.790061933340453, 'drone_repel_range': 4.394633936788146, 'wall_repel_gain': 0.7161246859115125}. Best is trial 0 with value: 0.6202829688816676.
[I 2026-05-12 21:03:57,217] Trial 1 finished with value: 0.5459356364724313 and parameters: {'attract_gain': 1.3831748681407512, 'attract_damp_gain': 0.05950295391592123, 'drone_repel_gain': 14.696236810540892, 'drone_repel_range': 4.404460046972835, 'wall_repel_gain': 2.5529516046973773}. Best is trial 0 with value: 0.6202829688816676.
[I 2026-05-12 21:04:27,018] Trial 2 finished with value: 0.624145210216254 and parameters: {'attract_gain': 1.0437335666720515, 'attract_damp_gain': 0.9138013915892862, 'drone_repel_gain': 13.597924843182254, 'drone_repel_range': 2.8493564427131046, 'wall_repel_gain': 0.7599674150654903}. Best is trial 2 with value: 0.624145210216254.
[I 2026-05-12 21:04:54,393] Trial 3 finished with value: 0.5755695869567633 and parameters: {'attract_gain': 1.4643024075185014, 'attract_damp_gain': 0.12439367209907215, 'drone_repel_gain': 6.695552617031865, 'drone_repel_range': 3.727780074568463, 'wall_repel_gain': 0.9776854331372623}. Best is trial 2 with value: 0.624145210216254.
[I 2026-05-12 21:05:20,893] Trial 4 finished with value: 0.6005322057920827 and parameters: {'attract_gain': 3.5690959437712713, 'attract_damp_gain': 0.07593739613361232, 'drone_repel_gain': 3.9189944117358317, 'drone_repel_range': 3.465447373174767, 'wall_repel_gain': 1.4290255329034678}. Best is trial 2 with value: 0.624145210216254.
[I 2026-05-12 21:05:41,772] Trial 5 finished with value: 0.6151129854536102 and parameters: {'attract_gain': 5.117814598236952, 'attract_damp_gain': 0.09093929525644105, 'drone_repel_gain': 6.535283531563522, 'drone_repel_range': 4.36965827544817, 'wall_repel_gain': 0.5564426587452863}. Best is trial 2 with value: 0.624145210216254.
[I 2026-05-12 21:06:07,452] Trial 6 finished with value: 0.5863227044849696 and parameters: {'attract_gain': 3.5372656148130304, 'attract_damp_gain': 0.0833349164303321, 'drone_repel_gain': 2.3231731978492904, 'drone_repel_range': 5.7955421490133325, 'wall_repel_gain': 4.619575159813622}. Best is trial 2 with value: 0.624145210216254.
[I 2026-05-12 21:06:33,191] Trial 7 finished with value: 0.6144785717523512 and parameters: {'attract_gain': 5.371004924854033, 'attract_damp_gain': 0.12453219846912196, 'drone_repel_gain': 2.5043908574120777, 'drone_repel_range': 4.736932106048627, 'wall_repel_gain': 1.377597982475538}. Best is trial 2 with value: 0.624145210216254.
[I 2026-05-12 21:06:59,868] Trial 8 finished with value: 0.5982713733731999 and parameters: {'attract_gain': 1.2888771013236346, 'attract_damp_gain': 0.2203992019084621, 'drone_repel_gain': 2.164803676300191, 'drone_repel_range': 5.637281608315128, 'wall_repel_gain': 0.9072980676745123}. Best is trial 2 with value: 0.624145210216254.
[I 2026-05-12 21:07:25,328] Trial 9 finished with value: 0.6138152238577245 and parameters: {'attract_gain': 3.965676111103477, 'attract_damp_gain': 0.12720830454691837, 'drone_repel_gain': 6.62365977614476, 'drone_repel_range': 4.186841117373119, 'wall_repel_gain': 0.7652872182750088}. Best is trial 2 with value: 0.624145210216254.
[I 2026-05-12 21:07:53,626] Trial 10 finished with value: 0.6367761135711741 and parameters: {'attract_gain': 2.2317255800067493, 'attract_damp_gain': 0.8174488090219237, 'drone_repel_gain': 18.6452025852496, 'drone_repel_range': 2.118421668094785, 'wall_repel_gain': 2.2430376072276923}. Best is trial 10 with value: 0.6367761135711741.
[I 2026-05-12 21:08:20,326] Trial 11 finished with value: 0.6120515796999287 and parameters: {'attract_gain': 2.2342564479148104, 'attract_damp_gain': 0.9544570745321449, 'drone_repel_gain': 19.091502368054595, 'drone_repel_range': 2.1592692156932873, 'wall_repel_gain': 2.7376350282328765}. Best is trial 10 with value: 0.6367761135711741.
[I 2026-05-12 21:08:47,575] Trial 12 finished with value: 0.5447115360917404 and parameters: {'attract_gain': 1.0700625714969492, 'attract_damp_gain': 0.5107435297521193, 'drone_repel_gain': 12.051530831484483, 'drone_repel_range': 2.119472561740763, 'wall_repel_gain': 2.361280591799687}. Best is trial 10 with value: 0.6367761135711741.
[I 2026-05-12 21:09:12,057] Trial 13 finished with value: 0.6057150366438087 and parameters: {'attract_gain': 1.9958907174572171, 'attract_damp_gain': 0.4908075742507761, 'drone_repel_gain': 19.950234529259756, 'drone_repel_range': 2.876527286025467, 'wall_repel_gain': 1.7823633542838182}. Best is trial 10 with value: 0.6367761135711741.
[I 2026-05-12 21:09:40,065] Trial 14 finished with value: 0.5309727993457498 and parameters: {'attract_gain': 1.7794777440349077, 'attract_damp_gain': 0.5344057218615995, 'drone_repel_gain': 10.297311199733192, 'drone_repel_range': 2.88039492794135, 'wall_repel_gain': 4.599615599491824}. Best is trial 10 with value: 0.6367761135711741.
[I 2026-05-12 21:10:04,336] Trial 15 finished with value: 0.6258395263595872 and parameters: {'attract_gain': 7.449190857406519, 'attract_damp_gain': 0.3168760404117698, 'drone_repel_gain': 13.742534461296104, 'drone_repel_range': 2.750130525733469, 'wall_repel_gain': 0.5038008173205971}. Best is trial 10 with value: 0.6367761135711741.
[I 2026-05-12 21:10:28,951] Trial 16 finished with value: 0.6059493775289803 and parameters: {'attract_gain': 7.989400854982044, 'attract_damp_gain': 0.3096384151601762, 'drone_repel_gain': 8.66414922334693, 'drone_repel_range': 2.664145436328723, 'wall_repel_gain': 3.4910020677232327}. Best is trial 10 with value: 0.6367761135711741.
[I 2026-05-12 21:10:54,275] Trial 17 finished with value: 0.6254998584798641 and parameters: {'attract_gain': 7.96725024874381, 'attract_damp_gain': 0.278659891348024, 'drone_repel_gain': 16.719321172653395, 'drone_repel_range': 3.4014667875682356, 'wall_repel_gain': 0.5036131093406543}. Best is trial 10 with value: 0.6367761135711741.
[I 2026-05-12 21:11:14,491] Trial 18 finished with value: 0.6399301143234359 and parameters: {'attract_gain': 2.5257396129711314, 'attract_damp_gain': 0.358243420514392, 'drone_repel_gain': 4.724811395974329, 'drone_repel_range': 2.440124750490062, 'wall_repel_gain': 2.0576489342559503}. Best is trial 18 with value: 0.6399301143234359.
[I 2026-05-12 21:11:33,741] Trial 19 finished with value: 0.6433494120371714 and parameters: {'attract_gain': 2.490044496522669, 'attract_damp_gain': 0.6622844704523333, 'drone_repel_gain': 4.1008641043865, 'drone_repel_range': 2.043956756975085, 'wall_repel_gain': 1.93371890796805}. Best is trial 19 with value: 0.6433494120371714.
[I 2026-05-12 21:11:52,431] Trial 20 finished with value: 0.6338400106569216 and parameters: {'attract_gain': 2.8839385388126244, 'attract_damp_gain': 0.2008466251713489, 'drone_repel_gain': 4.048314583308316, 'drone_repel_range': 2.426150149862418, 'wall_repel_gain': 1.8079794818847517}. Best is trial 19 with value: 0.6433494120371714.
[I 2026-05-12 21:12:11,597] Trial 21 finished with value: 0.6303389468973263 and parameters: {'attract_gain': 2.5808417067929406, 'attract_damp_gain': 0.6183520094833505, 'drone_repel_gain': 4.246282315759072, 'drone_repel_range': 2.022016681693193, 'wall_repel_gain': 2.1346085123255127}. Best is trial 19 with value: 0.6433494120371714.
[I 2026-05-12 21:12:31,722] Trial 22 finished with value: 0.6235452736877812 and parameters: {'attract_gain': 2.9767787370249423, 'attract_damp_gain': 0.6883115277349181, 'drone_repel_gain': 3.1995678507379184, 'drone_repel_range': 2.3914593952270087, 'wall_repel_gain': 2.925376172049048}. Best is trial 19 with value: 0.6433494120371714.
[I 2026-05-12 21:12:56,098] Trial 23 finished with value: 0.6252054695603199 and parameters: {'attract_gain': 1.7258330852826436, 'attract_damp_gain': 0.3918360066441184, 'drone_repel_gain': 5.317311512923542, 'drone_repel_range': 3.261507431418376, 'wall_repel_gain': 1.2809727052351563}. Best is trial 19 with value: 0.6433494120371714.
[I 2026-05-12 21:13:20,839] Trial 24 finished with value: 0.6256979647291616 and parameters: {'attract_gain': 2.6937091014277543, 'attract_damp_gain': 0.3985230378619141, 'drone_repel_gain': 5.281729827948777, 'drone_repel_range': 2.389513196798698, 'wall_repel_gain': 1.9892019452624956}. Best is trial 19 with value: 0.6433494120371714.
[I 2026-05-12 21:13:49,690] Trial 25 finished with value: 0.600335846844328 and parameters: {'attract_gain': 2.4592814182448266, 'attract_damp_gain': 0.7072331718471285, 'drone_repel_gain': 2.961360465420533, 'drone_repel_range': 3.114426829147836, 'wall_repel_gain': 3.252088163842493}. Best is trial 19 with value: 0.6433494120371714.
[I 2026-05-12 21:14:17,228] Trial 26 finished with value: 0.6114974844074959 and parameters: {'attract_gain': 1.7360223973542008, 'attract_damp_gain': 0.3851279411565315, 'drone_repel_gain': 8.11607127188918, 'drone_repel_range': 5.2661410720421475, 'wall_repel_gain': 1.1434759520237117}. Best is trial 19 with value: 0.6433494120371714.
[I 2026-05-12 21:14:40,482] Trial 27 finished with value: 0.6344635404656886 and parameters: {'attract_gain': 3.204396804021006, 'attract_damp_gain': 0.6567100621137473, 'drone_repel_gain': 5.036168495954783, 'drone_repel_range': 2.4510838484877833, 'wall_repel_gain': 3.7231599373050623}. Best is trial 19 with value: 0.6433494120371714.
[I 2026-05-12 21:14:54,976] Trial 28 finished with value: 0.6323976353053063 and parameters: {'attract_gain': 2.072546413540209, 'attract_damp_gain': 0.17483525675436523, 'drone_repel_gain': 3.4556034349757434, 'drone_repel_range': 2.0067742264060877, 'wall_repel_gain': 1.64559352386516}. Best is trial 19 with value: 0.6433494120371714.
[I 2026-05-12 21:15:18,992] Trial 29 finished with value: 0.6404518177068858 and parameters: {'attract_gain': 4.486943953848943, 'attract_damp_gain': 0.787243294946275, 'drone_repel_gain': 4.716086868376182, 'drone_repel_range': 3.7855950512806853, 'wall_repel_gain': 2.1577112564594314}. Best is trial 19 with value: 0.6433494120371714.
[I 2026-05-12 21:15:18,997] A new study created in memory with name: pso_bo
[I 2026-05-12 21:15:47,596] Trial 0 finished with value: 0.18303745319300954 and parameters: {'inertia': 0.3745401188473625, 'cognitive': 4.4635901521768115, 'social': 2.1959818254342154, 'attract_damp_gain': 0.5986584841970366, 'wall_repel_gain': 0.7161246859115125}. Best is trial 0 with value: 0.18303745319300954.
[I 2026-05-12 21:16:21,886] Trial 1 finished with value: 0.07541836151445051 and parameters: {'inertia': 0.15599452033620265, 'cognitive': 0.5715491938156609, 'social': 2.5985284373248057, 'attract_damp_gain': 0.6011150117432088, 'wall_repel_gain': 2.5529516046973773}. Best is trial 0 with value: 0.18303745319300954.
[I 2026-05-12 21:16:44,546] Trial 2 finished with value: 0.23856456114788857 and parameters: {'inertia': 0.020584494295802447, 'cognitive': 4.665303012212831, 'social': 2.497327922401265, 'attract_damp_gain': 0.21233911067827616, 'wall_repel_gain': 0.7599674150654903}. Best is trial 2 with value: 0.23856456114788857.
[I 2026-05-12 21:17:16,165] Trial 3 finished with value: 0.13233839184155735 and parameters: {'inertia': 0.18340450985343382, 'cognitive': 1.0074238942079328, 'social': 1.5742692948967134, 'attract_damp_gain': 0.43194501864211576, 'wall_repel_gain': 0.9776854331372623}. Best is trial 2 with value: 0.23856456114788857.
[I 2026-05-12 21:17:50,854] Trial 4 finished with value: 0.09146463356530987 and parameters: {'inertia': 0.6118528947223795, 'cognitive': 0.6893882309676883, 'social': 0.8764339456056545, 'attract_damp_gain': 0.3663618432936917, 'wall_repel_gain': 1.4290255329034678}. Best is trial 2 with value: 0.23856456114788857.
[I 2026-05-12 21:18:24,661] Trial 5 finished with value: -0.048265603482956144 and parameters: {'inertia': 0.7851759613930136, 'cognitive': 0.7918515779559374, 'social': 1.5427033152408347, 'attract_damp_gain': 0.5924145688620425, 'wall_repel_gain': 0.5564426587452863}. Best is trial 2 with value: 0.23856456114788857.
[I 2026-05-12 21:18:59,105] Trial 6 finished with value: 0.13633180250688817 and parameters: {'inertia': 0.6075448519014384, 'cognitive': 0.7404472559987593, 'social': 0.19515477895583855, 'attract_damp_gain': 0.9488855372533332, 'wall_repel_gain': 4.619575159813622}. Best is trial 2 with value: 0.23856456114788857.
[I 2026-05-12 21:19:23,170] Trial 7 finished with value: 0.2761852682800929 and parameters: {'inertia': 0.8083973481164611, 'cognitive': 1.0082860845904293, 'social': 0.2930163420191516, 'attract_damp_gain': 0.6842330265121569, 'wall_repel_gain': 1.377597982475538}. Best is trial 7 with value: 0.2761852682800929.
[I 2026-05-12 21:19:42,673] Trial 8 finished with value: 0.5289670505707985 and parameters: {'inertia': 0.12203823484477883, 'cognitive': 1.563676518390185, 'social': 0.10316556334565519, 'attract_damp_gain': 0.9093204020787821, 'wall_repel_gain': 0.9072980676745123}. Best is trial 8 with value: 0.5289670505707985.
[I 2026-05-12 21:20:21,109] Trial 9 finished with value: -0.022307436302289412 and parameters: {'inertia': 0.662522284353982, 'cognitive': 1.0248990260475088, 'social': 1.5602040635334324, 'attract_damp_gain': 0.5467102793432796, 'wall_repel_gain': 0.7652872182750088}. Best is trial 8 with value: 0.5289670505707985.
[I 2026-05-12 21:20:51,263] Trial 10 finished with value: 0.19539278820886793 and parameters: {'inertia': 0.37453939576714207, 'cognitive': 2.490052172368912, 'social': 0.7705789830555332, 'attract_damp_gain': 0.9549687337999385, 'wall_repel_gain': 2.2430376072276923}. Best is trial 8 with value: 0.5289670505707985.
[I 2026-05-12 21:21:13,509] Trial 11 finished with value: 0.46329068219126196 and parameters: {'inertia': 0.9076647952825178, 'cognitive': 1.6881374906701898, 'social': 0.03302150400185078, 'attract_damp_gain': 0.7836296211490168, 'wall_repel_gain': 1.345323374761074}. Best is trial 8 with value: 0.5289670505707985.
[I 2026-05-12 21:21:33,230] Trial 12 finished with value: 0.46506400105513795 and parameters: {'inertia': 0.9923241212681165, 'cognitive': 1.89484572357035, 'social': 0.0703437095102549, 'attract_damp_gain': 0.8306947730231137, 'wall_repel_gain': 1.1423872042094545}. Best is trial 8 with value: 0.5289670505707985.
[I 2026-05-12 21:21:58,060] Trial 13 finished with value: 0.20112046950340248 and parameters: {'inertia': 0.38945983733762757, 'cognitive': 2.0183161966875494, 'social': 0.7544884839289724, 'attract_damp_gain': 0.8224640506009631, 'wall_repel_gain': 2.085524682559237}. Best is trial 8 with value: 0.5289670505707985.
[I 2026-05-12 21:22:20,395] Trial 14 finished with value: 0.3345938342587306 and parameters: {'inertia': 0.9238443497465194, 'cognitive': 2.827438646095391, 'social': 0.43588848486388587, 'attract_damp_gain': 0.8217269824791444, 'wall_repel_gain': 1.1132775077545405}. Best is trial 8 with value: 0.5289670505707985.
[I 2026-05-12 21:22:54,580] Trial 15 finished with value: 0.063654119027048 and parameters: {'inertia': 0.23602457991060927, 'cognitive': 1.49724180706833, 'social': 1.1831451203400674, 'attract_damp_gain': 0.07846238496678087, 'wall_repel_gain': 0.5051444708586871}. Best is trial 8 with value: 0.5289670505707985.
[I 2026-05-12 21:23:20,669] Trial 16 finished with value: 0.25843733453871276 and parameters: {'inertia': 0.9993624386415512, 'cognitive': 1.4018668549325795, 'social': 0.4752953453352, 'attract_damp_gain': 0.9974885441369352, 'wall_repel_gain': 1.0261360377986526}. Best is trial 8 with value: 0.5289670505707985.
[I 2026-05-12 21:23:43,347] Trial 17 finished with value: 0.5467103406780557 and parameters: {'inertia': 0.03530562084541865, 'cognitive': 2.881590952762549, 'social': 0.021225213127831752, 'attract_damp_gain': 0.7903029297487895, 'wall_repel_gain': 1.8396912222930388}. Best is trial 17 with value: 0.5467103406780557.
[I 2026-05-12 21:24:10,762] Trial 18 finished with value: 0.20503457369847158 and parameters: {'inertia': 0.030992396215199357, 'cognitive': 3.5611236827930686, 'social': 1.9287356564740494, 'attract_damp_gain': 0.7236914372968288, 'wall_repel_gain': 3.3070613945067207}. Best is trial 17 with value: 0.5467103406780557.
[I 2026-05-12 21:24:46,478] Trial 19 finished with value: 0.12587444896864927 and parameters: {'inertia': 0.11748087421481979, 'cognitive': 2.6329997867872486, 'social': 2.907809556146153, 'attract_damp_gain': 0.8980269486073891, 'wall_repel_gain': 1.7725908547353841}. Best is trial 17 with value: 0.5467103406780557.
[I 2026-05-12 21:25:13,506] Trial 20 finished with value: 0.26392582513005347 and parameters: {'inertia': 0.2669037520755527, 'cognitive': 3.4925447259572775, 'social': 1.0373693575357643, 'attract_damp_gain': 0.7243280325525963, 'wall_repel_gain': 2.8327488714521984}. Best is trial 17 with value: 0.5467103406780557.
[I 2026-05-12 21:25:32,751] Trial 21 finished with value: 0.5558684446533751 and parameters: {'inertia': 0.4808112592299336, 'cognitive': 2.117299973883832, 'social': 0.006066000080041977, 'attract_damp_gain': 0.8752324990563525, 'wall_repel_gain': 1.640584647085255}. Best is trial 21 with value: 0.5558684446533751.
[I 2026-05-12 21:25:57,826] Trial 22 finished with value: 0.29815967364796786 and parameters: {'inertia': 0.511510189343508, 'cognitive': 2.2304687590394443, 'social': 0.5167231745272401, 'attract_damp_gain': 0.8807609665616707, 'wall_repel_gain': 1.8151680448976608}. Best is trial 21 with value: 0.5558684446533751.
[I 2026-05-12 21:26:15,977] Trial 23 finished with value: 0.60325345376971 and parameters: {'inertia': 0.07732404129016106, 'cognitive': 3.221724376160705, 'social': 0.013739312946093372, 'attract_damp_gain': 0.6908321509099095, 'wall_repel_gain': 1.6511432549852418}. Best is trial 23 with value: 0.60325345376971.
[I 2026-05-12 21:26:39,046] Trial 24 finished with value: 0.3269870408030859 and parameters: {'inertia': 0.3150663647587644, 'cognitive': 3.367142639105394, 'social': 0.6137758911440896, 'attract_damp_gain': 0.6809270106294105, 'wall_repel_gain': 1.7331690887156834}. Best is trial 23 with value: 0.60325345376971.
[I 2026-05-12 21:26:59,069] Trial 25 finished with value: 0.4615959598602548 and parameters: {'inertia': 0.00018964604937739965, 'cognitive': 3.1106834772878056, 'social': 0.29523556674553153, 'attract_damp_gain': 0.4325982776754162, 'wall_repel_gain': 3.500270008638372}. Best is trial 23 with value: 0.60325345376971.
[I 2026-05-12 21:27:23,250] Trial 26 finished with value: 0.2838931139761886 and parameters: {'inertia': 0.47398468987304365, 'cognitive': 3.8481826703716124, 'social': 1.2870837040501795, 'attract_damp_gain': 0.7579505097370182, 'wall_repel_gain': 2.055216984423037}. Best is trial 23 with value: 0.60325345376971.
[I 2026-05-12 21:27:43,835] Trial 27 finished with value: 0.55500670220703 and parameters: {'inertia': 0.08451059830269264, 'cognitive': 2.3094057653070235, 'social': 0.031526836220364715, 'attract_damp_gain': 0.6427654544859114, 'wall_repel_gain': 1.525854051318712}. Best is trial 23 with value: 0.60325345376971.
[I 2026-05-12 21:28:18,441] Trial 28 finished with value: 0.168173643435919 and parameters: {'inertia': 0.22460955211107736, 'cognitive': 1.2178649640605608, 'social': 0.3303297043628401, 'attract_damp_gain': 0.6480124949020066, 'wall_repel_gain': 1.5055518854425642}. Best is trial 23 with value: 0.60325345376971.
[I 2026-05-12 21:28:39,851] Trial 29 finished with value: 0.4023300638284371 and parameters: {'inertia': 0.08966585158181589, 'cognitive': 4.171550639124885, 'social': 0.6331750509140751, 'attract_damp_gain': 0.49012030722313293, 'wall_repel_gain': 1.2169119752500355}. Best is trial 23 with value: 0.60325345376971.
[I 2026-05-12 21:28:39,855] A new study created in memory with name: ga_bo
[I 2026-05-12 21:29:03,161] Trial 0 finished with value: 0.5392791039368847 and parameters: {'p_mutation': 0.2559970653660493, 'p_crossover': 0.5728928685254538, 'elite_fraction': 0.3061978796339918, 'attract_gain': 1.9843966652221854, 'attract_damp_gain': 0.07979118876474872, 'drone_repel_gain': 1.4321698289111515}. Best is trial 0 with value: 0.5392791039368847.
[I 2026-05-12 21:29:12,359] Trial 1 finished with value: 0.6076273457623332 and parameters: {'p_mutation': 0.0819459866925097, 'p_crossover': 0.5263968801762143, 'elite_fraction': 0.2603902541101231, 'attract_gain': 2.5529516046973773, 'attract_damp_gain': 0.05318033256270143, 'drone_repel_gain': 9.330606024425668}. Best is trial 1 with value: 0.6076273457623332.
[I 2026-05-12 21:29:36,980] Trial 2 finished with value: 0.5144455979573997 and parameters: {'p_mutation': 0.5078434524402319, 'p_crossover': 0.16678651087305188, 'elite_fraction': 0.11363873852248522, 'attract_gain': 0.7627364729026304, 'attract_damp_gain': 0.12439367209907215, 'drone_repel_gain': 3.347776308515933}. Best is trial 1 with value: 0.6076273457623332.
[I 2026-05-12 21:30:02,696] Trial 3 finished with value: 0.4937222179709037 and parameters: {'p_mutation': 0.28756976025316366, 'p_crossover': 0.21017602710892302, 'elite_fraction': 0.26414851315283283, 'attract_gain': 0.6893882309676883, 'attract_damp_gain': 0.11996621453406359, 'drone_repel_gain': 2.324672848950434}. Best is trial 1 with value: 0.6076273457623332.
[I 2026-05-12 21:30:19,881] Trial 4 finished with value: 0.5826032969881394 and parameters: {'p_mutation': 0.30083849131936974, 'p_crossover': 0.48184677876615745, 'elite_fraction': 0.11988582375542592, 'attract_gain': 1.6338208828908807, 'attract_damp_gain': 0.2949301205216347, 'drone_repel_gain': 1.1128853174905728}. Best is trial 1 with value: 0.6076273457623332.
