[I 2026-05-12 22:15:30,046] Trial 6 finished with value: 0.47711037633294234 and parameters: {'attract_gain': 1.0082860845904293, 'attract_damp_gain': 0.03948769695656434, 'drone_repel_gain': 4.833180632488465, 'drone_repel_range': 3.2007624686980067, 'wall_repel_gain': 0.6622290670049675, 'wall_repel_range': 2.4855307303338106}. Best is trial 4 with value: 0.5376649011882759.
[I 2026-05-12 22:16:12,653] Trial 7 finished with value: 0.19464844620992164 and parameters: {'attract_gain': 0.5412009190750477, 'attract_damp_gain': 0.3874121625621055, 'drone_repel_gain': 1.8145961353490248, 'drone_repel_range': 4.31261142176991, 'wall_repel_gain': 1.0248990260475088, 'wall_repel_range': 2.5602040635334324}. Best is trial 4 with value: 0.5376649011882759.
[I 2026-05-12 22:16:55,160] Trial 8 finished with value: 0.13788849737623096 and parameters: {'attract_gain': 1.7606794027339339, 'attract_damp_gain': 0.050464437882967526, 'drone_repel_gain': 9.32362135178148, 'drone_repel_range': 4.875664116805573, 'wall_repel_gain': 4.349796564256659, 'wall_repel_range': 3.6844820512829464}. Best is trial 4 with value: 0.5376649011882759.
[I 2026-05-12 22:17:14,636] Trial 9 finished with value: 0.49692119025769294 and parameters: {'attract_gain': 1.9809338952032913, 'attract_damp_gain': 0.4013397132919493, 'drone_repel_gain': 1.2260057359187524, 'drone_repel_range': 1.979914312095726, 'wall_repel_gain': 0.5548777280551549, 'wall_repel_range': 1.975990992289793}. Best is trial 4 with value: 0.5376649011882759.
[I 2026-05-12 22:17:32,520] Trial 10 finished with value: 0.5524387484078661 and parameters: {'attract_gain': 4.4066296123673245, 'attract_damp_gain': 0.2002724489088556, 'drone_repel_gain': 2.3373770349443395, 'drone_repel_range': 3.1332758017372138, 'wall_repel_gain': 2.333681038135116, 'wall_repel_range': 1.1161755998835494}. Best is trial 10 with value: 0.5524387484078661.
[I 2026-05-12 22:17:51,026] Trial 11 finished with value: 0.5238352382921179 and parameters: {'attract_gain': 4.749862572084235, 'attract_damp_gain': 0.1805619540767351, 'drone_repel_gain': 2.285752646413487, 'drone_repel_range': 2.898021217101117, 'wall_repel_gain': 2.4743952067497634, 'wall_repel_range': 1.0260581079900075}. Best is trial 10 with value: 0.5524387484078661.
[I 2026-05-12 22:18:09,014] Trial 12 finished with value: 0.5394682649716411 and parameters: {'attract_gain': 3.1422570578252436, 'attract_damp_gain': 0.18398543096346667, 'drone_repel_gain': 2.733766649638121, 'drone_repel_range': 2.5914312506240402, 'wall_repel_gain': 2.023737961798724, 'wall_repel_range': 1.0139697758543469}. Best is trial 10 with value: 0.5524387484078661.
[I 2026-05-12 22:18:27,097] Trial 13 finished with value: 0.5550164509002148 and parameters: {'attract_gain': 3.15683336493209, 'attract_damp_gain': 0.12464484282163159, 'drone_repel_gain': 2.5905228679260146, 'drone_repel_range': 2.608835888001324, 'wall_repel_gain': 2.9555216674978144, 'wall_repel_range': 1.6270327863576064}. Best is trial 13 with value: 0.5550164509002148.
[I 2026-05-12 22:18:45,666] Trial 14 finished with value: 0.5144068293744813 and parameters: {'attract_gain': 4.867466641343431, 'attract_damp_gain': 0.09858460959053812, 'drone_repel_gain': 2.653826656486142, 'drone_repel_range': 1.1802694555985385, 'wall_repel_gain': 3.515330220641937, 'wall_repel_range': 1.576032477029948}. Best is trial 13 with value: 0.5550164509002148.
[I 2026-05-12 22:18:59,211] Trial 15 finished with value: 0.5923315055761506 and parameters: {'attract_gain': 2.893884500835992, 'attract_damp_gain': 0.12142669311186298, 'drone_repel_gain': 2.0103112270185726, 'drone_repel_range': 2.6191813660394696, 'wall_repel_gain': 2.9240143855847673, 'wall_repel_range': 1.671921177714055}. Best is trial 15 with value: 0.5923315055761506.
[I 2026-05-12 22:19:17,199] Trial 16 finished with value: 0.5483986407042581 and parameters: {'attract_gain': 2.6841379588859704, 'attract_damp_gain': 0.10165766879437838, 'drone_repel_gain': 7.147028012869896, 'drone_repel_range': 2.460761196794908, 'wall_repel_gain': 3.0174426340372436, 'wall_repel_range': 1.8681561469116992}. Best is trial 15 with value: 0.5923315055761506.
[I 2026-05-12 22:19:36,959] Trial 17 finished with value: 0.5021092541419488 and parameters: {'attract_gain': 2.5768191851849074, 'attract_damp_gain': 0.1293296098992773, 'drone_repel_gain': 3.540524822240891, 'drone_repel_range': 1.2425386580517679, 'wall_repel_gain': 1.3052073178483705, 'wall_repel_range': 1.6095611882756504}. Best is trial 15 with value: 0.5923315055761506.
[I 2026-05-12 22:19:58,166] Trial 18 finished with value: 0.44517814163652963 and parameters: {'attract_gain': 3.6091119378694394, 'attract_damp_gain': 0.08065430499060369, 'drone_repel_gain': 1.879974659882852, 'drone_repel_range': 2.4072556457851673, 'wall_repel_gain': 3.211301749323261, 'wall_repel_range': 2.971324173942339}. Best is trial 15 with value: 0.5923315055761506.
[I 2026-05-12 22:20:11,639] Trial 19 finished with value: 0.5744542643873766 and parameters: {'attract_gain': 2.4980759084600725, 'attract_damp_gain': 0.12485752134425726, 'drone_repel_gain': 1.0035995792963892, 'drone_repel_range': 3.7107472080592183, 'wall_repel_gain': 1.51574580342855, 'wall_repel_range': 2.0303719275349215}. Best is trial 15 with value: 0.5923315055761506.
[I 2026-05-12 22:20:32,322] Trial 20 finished with value: 0.478100770746758 and parameters: {'attract_gain': 2.3217744020320157, 'attract_damp_gain': 0.03238760157781056, 'drone_repel_gain': 1.0308114035713563, 'drone_repel_range': 3.6312076077864144, 'wall_repel_gain': 1.3676196824008509, 'wall_repel_range': 2.2913562487108323}. Best is trial 15 with value: 0.5923315055761506.
[I 2026-05-12 22:20:45,727] Trial 21 finished with value: 0.5598188531746696 and parameters: {'attract_gain': 3.2307756034656956, 'attract_damp_gain': 0.13207810666711506, 'drone_repel_gain': 1.3751374353748067, 'drone_repel_range': 2.8275801110730243, 'wall_repel_gain': 1.5614002284466753, 'wall_repel_range': 1.6643807196578781}. Best is trial 15 with value: 0.5923315055761506.
[I 2026-05-12 22:21:04,052] Trial 22 finished with value: 0.5536360458789265 and parameters: {'attract_gain': 3.9313273676251956, 'attract_damp_gain': 0.13273845073899096, 'drone_repel_gain': 1.3558870595605723, 'drone_repel_range': 5.056741287626739, 'wall_repel_gain': 1.6844959674046147, 'wall_repel_range': 2.175756782586656}. Best is trial 15 with value: 0.5923315055761506.
[I 2026-05-12 22:21:21,931] Trial 23 finished with value: 0.5555577027757348 and parameters: {'attract_gain': 2.6577429248816915, 'attract_damp_gain': 0.2196020925976826, 'drone_repel_gain': 1.0246488440763846, 'drone_repel_range': 3.8161002968843682, 'wall_repel_gain': 1.3427584858896444, 'wall_repel_range': 1.859283155702214}. Best is trial 15 with value: 0.5923315055761506.
[I 2026-05-12 22:21:39,922] Trial 24 finished with value: 0.5470938326602731 and parameters: {'attract_gain': 2.227323068314904, 'attract_damp_gain': 0.15363155538522094, 'drone_repel_gain': 1.8495552373930813, 'drone_repel_range': 3.0787401240278394, 'wall_repel_gain': 1.7215740456256434, 'wall_repel_range': 1.3315388247303355}. Best is trial 15 with value: 0.5923315055761506.
[I 2026-05-12 22:22:04,938] Trial 25 finished with value: 0.36884724073234626 and parameters: {'attract_gain': 1.7124826152369463, 'attract_damp_gain': 0.09031303275546233, 'drone_repel_gain': 1.4165744996704615, 'drone_repel_range': 4.029423301406537, 'wall_repel_gain': 2.333255092415051, 'wall_repel_range': 2.8025951780280245}. Best is trial 15 with value: 0.5923315055761506.
[I 2026-05-12 22:22:23,082] Trial 26 finished with value: 0.5281713342710088 and parameters: {'attract_gain': 2.8543047877012038, 'attract_damp_gain': 0.06852543264139505, 'drone_repel_gain': 1.985646318540249, 'drone_repel_range': 2.1929051682491565, 'wall_repel_gain': 1.1395885002604196, 'wall_repel_range': 1.7915822563167285}. Best is trial 15 with value: 0.5923315055761506.
[I 2026-05-12 22:22:40,754] Trial 27 finished with value: 0.5416181414540616 and parameters: {'attract_gain': 3.7421539071626704, 'attract_damp_gain': 0.26360817331679215, 'drone_repel_gain': 1.3053450420382926, 'drone_repel_range': 1.6336753517139022, 'wall_repel_gain': 1.6250283353748969, 'wall_repel_range': 1.3755687197179756}. Best is trial 15 with value: 0.5923315055761506.
[I 2026-05-12 22:23:12,185] Trial 28 finished with value: 0.32366828779026063 and parameters: {'attract_gain': 0.7717641261146149, 'attract_damp_gain': 0.11276155566870562, 'drone_repel_gain': 1.6318566883854873, 'drone_repel_range': 3.3127691333489313, 'wall_repel_gain': 2.053662769574706, 'wall_repel_range': 2.3343185910110167}. Best is trial 15 with value: 0.5923315055761506.
[I 2026-05-12 22:23:31,205] Trial 29 finished with value: 0.4931137424617606 and parameters: {'attract_gain': 1.0370631807037891, 'attract_damp_gain': 0.14803864338596295, 'drone_repel_gain': 1.1197951615459631, 'drone_repel_range': 2.8744666374031898, 'wall_repel_gain': 0.7299845305256446, 'wall_repel_range': 1.3105567068980728}. Best is trial 15 with value: 0.5923315055761506.
[I 2026-05-12 22:23:31,210] A new study created in memory with name: consensus_bo
[I 2026-05-12 22:23:59,605] Trial 0 finished with value: 0.5540884020770894 and parameters: {'attract_gain': 1.184431975182039, 'attract_damp_gain': 0.8627358286640178, 'drone_repel_gain': 5.395030966670228, 'drone_repel_range': 3.993292420985183, 'wall_repel_gain': 0.7161246859115125}. Best is trial 0 with value: 0.5540884020770894.
[I 2026-05-12 22:24:26,617] Trial 1 finished with value: 0.4562895196242704 and parameters: {'attract_gain': 0.7160849144555758, 'attract_damp_gain': 0.05950295391592123, 'drone_repel_gain': 7.348118405270449, 'drone_repel_range': 4.005575058716044, 'wall_repel_gain': 2.5529516046973773}. Best is trial 0 with value: 0.5540884020770894.
[I 2026-05-12 22:25:00,218] Trial 2 finished with value: 0.5118342493046119 and parameters: {'attract_gain': 0.5242693862597309, 'attract_damp_gain': 0.9138013915892862, 'drone_repel_gain': 6.798962421591129, 'drone_repel_range': 2.061695553391381, 'wall_repel_gain': 0.7599674150654903}. Best is trial 0 with value: 0.5540884020770894.
[I 2026-05-12 22:25:26,011] Trial 3 finished with value: 0.503408641589887 and parameters: {'attract_gain': 0.7627364729026304, 'attract_damp_gain': 0.12439367209907215, 'drone_repel_gain': 3.347776308515933, 'drone_repel_range': 3.1597250932105787, 'wall_repel_gain': 0.9776854331372623}. Best is trial 0 with value: 0.5540884020770894.
[I 2026-05-12 22:25:44,404] Trial 4 finished with value: 0.5787006101641254 and parameters: {'attract_gain': 2.0456102872218915, 'attract_damp_gain': 0.07593739613361232, 'drone_repel_gain': 1.9594972058679163, 'drone_repel_range': 2.8318092164684585, 'wall_repel_gain': 1.4290255329034678}. Best is trial 4 with value: 0.5787006101641254.
[I 2026-05-12 22:26:08,273] Trial 5 finished with value: 0.5419211014817277 and parameters: {'attract_gain': 3.0489195547657557, 'attract_damp_gain': 0.09093929525644105, 'drone_repel_gain': 3.2676417657817622, 'drone_repel_range': 3.9620728443102124, 'wall_repel_gain': 0.5564426587452863}. Best is trial 4 with value: 0.5787006101641254.
[I 2026-05-12 22:26:32,050] Trial 6 finished with value: 0.5425467960261832 and parameters: {'attract_gain': 2.0254188906648367, 'attract_damp_gain': 0.0833349164303321, 'drone_repel_gain': 1.1615865989246452, 'drone_repel_range': 5.7444276862666666, 'wall_repel_gain': 4.619575159813622}. Best is trial 4 with value: 0.5787006101641254.
[I 2026-05-12 22:26:55,674] Trial 7 finished with value: 0.5487179837145139 and parameters: {'attract_gain': 3.2163799964249455, 'attract_damp_gain': 0.12453219846912196, 'drone_repel_gain': 1.252195428706039, 'drone_repel_range': 4.421165132560785, 'wall_repel_gain': 1.377597982475538}. Best is trial 4 with value: 0.5787006101641254.
[I 2026-05-12 22:27:21,834] Trial 8 finished with value: 0.5356527353385739 and parameters: {'attract_gain': 0.6622290670049675, 'attract_damp_gain': 0.2203992019084621, 'drone_repel_gain': 1.0824018381500955, 'drone_repel_range': 5.546602010393911, 'wall_repel_gain': 0.9072980676745123}. Best is trial 4 with value: 0.5787006101641254.
[I 2026-05-12 22:27:44,908] Trial 9 finished with value: 0.5621294795083708 and parameters: {'attract_gain': 2.2987528923660823, 'attract_damp_gain': 0.12720830454691837, 'drone_repel_gain': 3.3118298880723813, 'drone_repel_range': 3.7335513967163982, 'wall_repel_gain': 0.7652872182750088}. Best is trial 4 with value: 0.5787006101641254.
[I 2026-05-12 22:28:08,222] Trial 10 finished with value: 0.5893746725779039 and parameters: {'attract_gain': 4.515001144274889, 'attract_damp_gain': 0.40693813039026466, 'drone_repel_gain': 1.807263867679462, 'drone_repel_range': 1.089809378074098, 'wall_repel_gain': 2.183023982244302}. Best is trial 10 with value: 0.5893746725779039.
[I 2026-05-12 22:28:30,528] Trial 11 finished with value: 0.6086907754118097 and parameters: {'attract_gain': 4.06050889924197, 'attract_damp_gain': 0.44070573111217864, 'drone_repel_gain': 1.9145395860085264, 'drone_repel_range': 1.3242666003116965, 'wall_repel_gain': 2.2013177778219304}. Best is trial 11 with value: 0.6086907754118097.
[I 2026-05-12 22:28:53,839] Trial 12 finished with value: 0.5808788309692949 and parameters: {'attract_gain': 4.912470195085852, 'attract_damp_gain': 0.46919379563379815, 'drone_repel_gain': 1.9313203137083212, 'drone_repel_range': 1.1687058376031527, 'wall_repel_gain': 2.6670650350695566}. Best is trial 11 with value: 0.6086907754118097.
[I 2026-05-12 22:29:18,770] Trial 13 finished with value: 0.5702746155169082 and parameters: {'attract_gain': 4.600993943165518, 'attract_damp_gain': 0.4001034234471059, 'drone_repel_gain': 1.9473392386538544, 'drone_repel_range': 1.0215776542112225, 'wall_repel_gain': 2.362971343238708}. Best is trial 11 with value: 0.6086907754118097.
[I 2026-05-12 22:29:41,523] Trial 14 finished with value: 0.58163766770931 and parameters: {'attract_gain': 3.4679450652925037, 'attract_damp_gain': 0.3945279769263607, 'drone_repel_gain': 2.417492385386162, 'drone_repel_range': 2.0150361598247626, 'wall_repel_gain': 3.6602009977992314}. Best is trial 11 with value: 0.6086907754118097.
[I 2026-05-12 22:30:08,642] Trial 15 finished with value: 0.5101418440268654 and parameters: {'attract_gain': 1.323865422176009, 'attract_damp_gain': 0.26924891624119046, 'drone_repel_gain': 1.5417067342684303, 'drone_repel_range': 1.8560194923880418, 'wall_repel_gain': 1.960079790001418}. Best is trial 11 with value: 0.6086907754118097.
[I 2026-05-12 22:30:31,512] Trial 16 finished with value: 0.5698916337620256 and parameters: {'attract_gain': 3.721115113401927, 'attract_damp_gain': 0.6435325688260497, 'drone_repel_gain': 4.332074611673466, 'drone_repel_range': 2.504116440655072, 'wall_repel_gain': 1.7632341974556738}. Best is trial 11 with value: 0.6086907754118097.
[I 2026-05-12 22:30:54,460] Trial 17 finished with value: 0.558238229505191 and parameters: {'attract_gain': 2.4236762796667195, 'attract_damp_gain': 0.24063080135370696, 'drone_repel_gain': 2.602035606855833, 'drone_repel_range': 1.4898165183925731, 'wall_repel_gain': 3.6305664870694585}. Best is trial 11 with value: 0.6086907754118097.
[I 2026-05-12 22:31:17,909] Trial 18 finished with value: 0.5687542147688983 and parameters: {'attract_gain': 4.017236537214677, 'attract_damp_gain': 0.560651945438579, 'drone_repel_gain': 2.5674233635369, 'drone_repel_range': 4.949828442656665, 'wall_repel_gain': 1.16762060091493}. Best is trial 11 with value: 0.6086907754118097.
[I 2026-05-12 22:31:43,212] Trial 19 finished with value: 0.5221803440119392 and parameters: {'attract_gain': 1.605609931563431, 'attract_damp_gain': 0.2924525016155804, 'drone_repel_gain': 1.5348876868228303, 'drone_repel_range': 2.4885657575970987, 'wall_repel_gain': 3.159095249197909}. Best is trial 11 with value: 0.6086907754118097.
[I 2026-05-12 22:32:08,167] Trial 20 finished with value: 0.5633478335862636 and parameters: {'attract_gain': 2.7479574653317247, 'attract_damp_gain': 0.17890819803336944, 'drone_repel_gain': 1.4451770814042273, 'drone_repel_range': 1.6070964625922586, 'wall_repel_gain': 2.0586978367369477}. Best is trial 11 with value: 0.6086907754118097.
[I 2026-05-12 22:32:28,003] Trial 21 finished with value: 0.5600755708716543 and parameters: {'attract_gain': 3.6558422117045746, 'attract_damp_gain': 0.344187953383615, 'drone_repel_gain': 2.4565724565968563, 'drone_repel_range': 2.1223347531925314, 'wall_repel_gain': 4.463176069959594}. Best is trial 11 with value: 0.6086907754118097.
[I 2026-05-12 22:32:52,200] Trial 22 finished with value: 0.6077286654584397 and parameters: {'attract_gain': 4.9355550762994405, 'attract_damp_gain': 0.6236083025298015, 'drone_repel_gain': 2.180135292729331, 'drone_repel_range': 1.4211834581346479, 'wall_repel_gain': 3.424181881308352}. Best is trial 11 with value: 0.6086907754118097.
[I 2026-05-12 22:33:13,935] Trial 23 finished with value: 0.6188384367023761 and parameters: {'attract_gain': 4.789373879141246, 'attract_damp_gain': 0.6808911508694425, 'drone_repel_gain': 1.7858983314273935, 'drone_repel_range': 1.367197250660964, 'wall_repel_gain': 3.0574868258150505}. Best is trial 23 with value: 0.6188384367023761.
[I 2026-05-12 22:33:36,339] Trial 24 finished with value: 0.5835998050589809 and parameters: {'attract_gain': 4.993004190128151, 'attract_damp_gain': 0.6798080405994177, 'drone_repel_gain': 2.217130581974924, 'drone_repel_range': 1.4816396680877055, 'wall_repel_gain': 3.0072802723749636}. Best is trial 23 with value: 0.6188384367023761.
[I 2026-05-12 22:34:01,920] Trial 25 finished with value: 0.5492715077295728 and parameters: {'attract_gain': 3.9960153980969837, 'attract_damp_gain': 0.7583892844945819, 'drone_repel_gain': 4.022656334413429, 'drone_repel_range': 2.4755271825793823, 'wall_repel_gain': 3.9238149214480678}. Best is trial 23 with value: 0.6188384367023761.
[I 2026-05-12 22:34:25,226] Trial 26 finished with value: 0.572644877896582 and parameters: {'attract_gain': 2.638004480799893, 'attract_damp_gain': 0.5451783855807661, 'drone_repel_gain': 1.6258562355861066, 'drone_repel_range': 3.170568696324116, 'wall_repel_gain': 3.033727359075308}. Best is trial 23 with value: 0.6188384367023761.
[I 2026-05-12 22:34:48,283] Trial 27 finished with value: 0.5960303953588623 and parameters: {'attract_gain': 4.167813694752179, 'attract_damp_gain': 0.9864196409791424, 'drone_repel_gain': 1.3483600237704418, 'drone_repel_range': 1.5655420347239133, 'wall_repel_gain': 1.6992087072670436}. Best is trial 23 with value: 0.6188384367023761.
[I 2026-05-12 22:35:12,171] Trial 28 finished with value: 0.582960669713375 and parameters: {'attract_gain': 3.165299578119195, 'attract_damp_gain': 0.5296566523893348, 'drone_repel_gain': 9.913462872002565, 'drone_repel_range': 1.279747870297203, 'wall_repel_gain': 4.9735362811223585}. Best is trial 23 with value: 0.6188384367023761.
[I 2026-05-12 22:35:42,661] Trial 29 finished with value: 0.5030250484425147 and parameters: {'attract_gain': 1.041627891307934, 'attract_damp_gain': 0.7694810301729577, 'drone_repel_gain': 1.0271194697074983, 'drone_repel_range': 1.690574695440344, 'wall_repel_gain': 2.794593927006783}. Best is trial 23 with value: 0.6188384367023761.
[bo_all] controllers (12): ['boustrophedon', 'spiral', 'voronoi', 'grid_decomp', 'stc', 'pso', 'ga', 'sa', 'aco', 'gwo', 'pf', 'consensus']
[bo_all] n_trials per controller: 30
[bo_all] writing JSONs to outputs/bo/

[bo_all] [1/12] boustrophedon — starting (30 trials)
[bo_all] [1/12] boustrophedon — best=+0.5566 in 724.9s

[bo_all] [2/12] spiral — starting (30 trials)
[bo_all] [2/12] spiral — best=+0.5292 in 677.3s

[bo_all] [3/12] voronoi — starting (30 trials)
[bo_all] [3/12] voronoi — best=+0.6711 in 831.5s

[bo_all] [4/12] grid_decomp — starting (30 trials)
[bo_all] [4/12] grid_decomp — best=+0.6365 in 776.3s

[bo_all] [5/12] stc — starting (30 trials)
[bo_all] [5/12] stc — best=+0.6433 in 736.6s

[bo_all] [6/12] pso — starting (30 trials)
[bo_all] [6/12] pso — best=+0.6033 in 800.9s

[bo_all] [7/12] ga — starting (30 trials)
[bo_all] [7/12] ga — best=+0.6453 in 561.4s

[bo_all] [8/12] sa — starting (30 trials)
[bo_all] [8/12] sa — best=+0.6453 in 525.1s

[bo_all] [9/12] aco — starting (30 trials)
[bo_all] [9/12] aco — best=+0.6142 in 554.8s

[bo_all] [10/12] gwo — starting (30 trials)
[bo_all] [10/12] gwo — best=+0.2475 in 986.9s

[bo_all] [11/12] pf — starting (30 trials)
[bo_all] [11/12] pf — best=+0.5923 in 663.1s

[bo_all] [12/12] consensus — starting (30 trials)
[bo_all] [12/12] consensus — best=+0.6188 in 731.5s

[bo_all] ALL DONE in 8570.3s (142.8 min)

[bo_all] best scores (sorted):
  voronoi          +0.6711   (wall:  831.5s)
  sa               +0.6453   (wall:  525.1s)
  ga               +0.6453   (wall:  561.4s)
  stc              +0.6433   (wall:  736.6s)
  grid_decomp      +0.6365   (wall:  776.3s)
  consensus        +0.6188   (wall:  731.5s)
  aco              +0.6142   (wall:  554.8s)
  pso              +0.6033   (wall:  800.9s)
  pf               +0.5923   (wall:  663.1s)
  boustrophedon    +0.5566   (wall:  724.9s)
  spiral           +0.5292   (wall:  677.3s)
  gwo              +0.2475   (wall:  986.9s)
