[I 2026-05-12 20:12:52,447] A new study created in memory with name: boustrophedon_bo
[I 2026-05-12 20:13:15,765] Trial 0 finished with value: 0.5309699441344097 and parameters: {'lane_spacing': 2.1236203565420873, 'attract_gain': 4.4635901521768115, 'attract_damp_gain': 0.4480392682684061, 'drone_repel_gain': 3.004987359190157, 'drone_repel_range': 1.624074561769746, 'wall_repel_gain': 0.7160849144555758}. Best is trial 0 with value: 0.5309699441344097.
[I 2026-05-12 20:13:37,633] Trial 1 finished with value: 0.5018759948815493 and parameters: {'lane_spacing': 1.1742508365045983, 'attract_gain': 3.6740592026352235, 'attract_damp_gain': 0.30271829277346235, 'drone_repel_gain': 4.170553216181044, 'drone_repel_range': 1.0823379771832098, 'wall_repel_gain': 4.665303012212831}. Best is trial 0 with value: 0.5309699441344097.
[I 2026-05-12 20:14:02,377] Trial 2 finished with value: 0.45241330660796025 and parameters: {'lane_spacing': 3.497327922401265, 'attract_gain': 0.8152843673110735, 'attract_damp_gain': 0.08620446097910765, 'drone_repel_gain': 0.8661333735273129, 'drone_repel_range': 2.216968971838151, 'wall_repel_gain': 1.6738881542579662}. Best is trial 0 with value: 0.5309699441344097.
[I 2026-05-12 20:14:27,510] Trial 3 finished with value: 0.47268616868014174 and parameters: {'lane_spacing': 2.2958350559263474, 'attract_gain': 0.9776854331372623, 'attract_damp_gain': 0.31261439582031075, 'drone_repel_gain': 0.7593739613361233, 'drone_repel_range': 2.1685785941408726, 'wall_repel_gain': 1.162336424475217}. Best is trial 0 with value: 0.5309699441344097.
[I 2026-05-12 20:14:49,052] Trial 4 finished with value: 0.4873351724950033 and parameters: {'lane_spacing': 2.3682099526511076, 'attract_gain': 3.0489195547657557, 'attract_damp_gain': 0.09093929525644105, 'drone_repel_gain': 2.3334818836184614, 'drone_repel_range': 3.36965827544817, 'wall_repel_gain': 0.5564426587452863}. Best is trial 0 with value: 0.5309699441344097.
[I 2026-05-12 20:15:13,663] Trial 5 finished with value: 0.4240915568859287 and parameters: {'lane_spacing': 2.8226345557043153, 'attract_gain': 0.7404472559987593, 'attract_damp_gain': 0.06075808513336687, 'drone_repel_gain': 8.58022251487741, 'drone_repel_range': 4.862528132298237, 'wall_repel_gain': 3.2163799964249455}. Best is trial 0 with value: 0.5309699441344097.
[I 2026-05-12 20:15:40,983] Trial 6 finished with value: 0.36843482342355066 and parameters: {'lane_spacing': 1.9138413075201122, 'attract_gain': 0.6260977143530195, 'attract_damp_gain': 0.3883092140196443, 'drone_repel_gain': 1.8690529340958981, 'drone_repel_range': 1.4881529393791153, 'wall_repel_gain': 1.563676518390185}. Best is trial 0 with value: 0.5309699441344097.
[I 2026-05-12 20:16:03,506] Trial 7 finished with value: 0.5015230986071969 and parameters: {'lane_spacing': 1.1031655633456552, 'attract_gain': 4.057797837985249, 'attract_damp_gain': 0.10855517271883071, 'drone_repel_gain': 3.6385753170854676, 'drone_repel_range': 2.246844304357644, 'wall_repel_gain': 1.6559149440361902}. Best is trial 0 with value: 0.5309699441344097.
[I 2026-05-12 20:16:49,298] Trial 8 finished with value: 0.294545051601726 and parameters: {'lane_spacing': 2.640130838029839, 'attract_gain': 0.7652872182750088, 'attract_damp_gain': 0.9129115219600118, 'drone_repel_gain': 5.098483969585743, 'drone_repel_range': 4.757995766256757, 'wall_repel_gain': 3.9246176690796775}. Best is trial 0 with value: 0.5309699441344097.
[I 2026-05-12 20:17:11,979] Trial 9 finished with value: 0.497585388871253 and parameters: {'lane_spacing': 2.7936999364332555, 'attract_gain': 4.176805377655879, 'attract_damp_gain': 0.06517805612564438, 'drone_repel_gain': 0.8993931736681454, 'drone_repel_range': 1.1809091556421523, 'wall_repel_gain': 1.0575486010842792}. Best is trial 0 with value: 0.5309699441344097.
[I 2026-05-12 20:17:34,066] Trial 10 finished with value: 0.5198768767896244 and parameters: {'lane_spacing': 3.8354096326911593, 'attract_gain': 1.8105932734792827, 'attract_damp_gain': 0.7757551408007952, 'drone_repel_gain': 1.558141188560701, 'drone_repel_range': 3.560354009870225, 'wall_repel_gain': 0.546632191906584}. Best is trial 0 with value: 0.5309699441344097.
[I 2026-05-12 20:17:55,365] Trial 11 finished with value: 0.5528830437850683 and parameters: {'lane_spacing': 3.933133120046192, 'attract_gain': 2.1040377692741865, 'attract_damp_gain': 0.7752105478748998, 'drone_repel_gain': 1.5590014226761137, 'drone_repel_range': 3.690317996453044, 'wall_repel_gain': 0.5107370662052613}. Best is trial 11 with value: 0.5528830437850683.
[I 2026-05-12 20:18:16,065] Trial 12 finished with value: 0.5491560947680129 and parameters: {'lane_spacing': 1.8575629253352974, 'attract_gain': 2.150251064476369, 'attract_damp_gain': 0.5525146111358301, 'drone_repel_gain': 1.3329789001773378, 'drone_repel_range': 4.122818026480825, 'wall_repel_gain': 0.7601740748228673}. Best is trial 11 with value: 0.5528830437850683.
[I 2026-05-12 20:18:37,164] Trial 13 finished with value: 0.5373826805820766 and parameters: {'lane_spacing': 1.6475081221386567, 'attract_gain': 2.21221047817983, 'attract_damp_gain': 0.6132079324890427, 'drone_repel_gain': 1.3109881134344916, 'drone_repel_range': 4.086656573027753, 'wall_repel_gain': 0.7911589079937337}. Best is trial 11 with value: 0.5528830437850683.
[I 2026-05-12 20:18:59,794] Trial 14 finished with value: 0.5012722695855346 and parameters: {'lane_spacing': 3.3015863819614775, 'attract_gain': 1.2937014660917125, 'attract_damp_gain': 0.17527034948582446, 'drone_repel_gain': 0.5587744068771938, 'drone_repel_range': 3.7673185504288087, 'wall_repel_gain': 0.5018387679844774}. Best is trial 11 with value: 0.5528830437850683.
[I 2026-05-12 20:19:20,918] Trial 15 finished with value: 0.5535357522470857 and parameters: {'lane_spacing': 3.9980873159246535, 'attract_gain': 2.4590069141366615, 'attract_damp_gain': 0.5741535610014551, 'drone_repel_gain': 1.3357366837269309, 'drone_repel_range': 4.26015863960004, 'wall_repel_gain': 0.8362783551447303}. Best is trial 15 with value: 0.5535357522470857.
[I 2026-05-12 20:19:43,194] Trial 16 finished with value: 0.4865600408449089 and parameters: {'lane_spacing': 3.9619137214026408, 'attract_gain': 2.800702962458204, 'attract_damp_gain': 0.19226956937671139, 'drone_repel_gain': 2.518636352396387, 'drone_repel_range': 3.0549304561042345, 'wall_repel_gain': 0.9821345728509717}. Best is trial 15 with value: 0.5535357522470857.
[I 2026-05-12 20:20:06,248] Trial 17 finished with value: 0.5565835114678236 and parameters: {'lane_spacing': 3.447983400484169, 'attract_gain': 1.2834289134362535, 'attract_damp_gain': 0.7051349974305061, 'drone_repel_gain': 1.1089326585829193, 'drone_repel_range': 4.379338151451566, 'wall_repel_gain': 0.6703020889662534}. Best is trial 17 with value: 0.5565835114678236.
[I 2026-05-12 20:20:30,684] Trial 18 finished with value: 0.43714734893220303 and parameters: {'lane_spacing': 3.3154092040399754, 'attract_gain': 1.4044880915259237, 'attract_damp_gain': 0.5569434124602399, 'drone_repel_gain': 1.0562487434778267, 'drone_repel_range': 4.398021886108946, 'wall_repel_gain': 2.1944821896544724}. Best is trial 17 with value: 0.5565835114678236.
[I 2026-05-12 20:20:54,953] Trial 19 finished with value: 0.5069332008098956 and parameters: {'lane_spacing': 3.641033056126148, 'attract_gain': 1.1211417930436591, 'attract_damp_gain': 0.9643553282444575, 'drone_repel_gain': 0.5110244548282967, 'drone_repel_range': 4.362148766913248, 'wall_repel_gain': 1.2090110068244064}. Best is trial 17 with value: 0.5565835114678236.
[I 2026-05-12 20:21:20,063] Trial 20 finished with value: 0.4656984644214845 and parameters: {'lane_spacing': 3.087689081968933, 'attract_gain': 0.5323399147651121, 'attract_damp_gain': 0.2681448740336536, 'drone_repel_gain': 0.6703399584946449, 'drone_repel_range': 2.7479813523140533, 'wall_repel_gain': 0.6843468134411232}. Best is trial 17 with value: 0.5565835114678236.
[I 2026-05-12 20:21:42,020] Trial 21 finished with value: 0.5281565517627204 and parameters: {'lane_spacing': 3.7316441174798087, 'attract_gain': 1.6495142883706733, 'attract_damp_gain': 0.7317227170527207, 'drone_repel_gain': 1.7878173362098613, 'drone_repel_range': 3.8526109339378065, 'wall_repel_gain': 0.9032574360110098}. Best is trial 17 with value: 0.5565835114678236.
[I 2026-05-12 20:22:04,041] Trial 22 finished with value: 0.5169298404891355 and parameters: {'lane_spacing': 3.997917647493275, 'attract_gain': 2.32681820963573, 'attract_damp_gain': 0.4052570607882848, 'drone_repel_gain': 1.082013982794368, 'drone_repel_range': 4.512233786242067, 'wall_repel_gain': 0.6268163540682443}. Best is trial 17 with value: 0.5565835114678236.
[I 2026-05-12 20:22:25,639] Trial 23 finished with value: 0.5311271308498736 and parameters: {'lane_spacing': 3.4647052444611126, 'attract_gain': 1.8137819201826217, 'attract_damp_gain': 0.6971966748327352, 'drone_repel_gain': 1.191656032856539, 'drone_repel_range': 3.250253686189118, 'wall_repel_gain': 0.8612675039188713}. Best is trial 17 with value: 0.5565835114678236.
[I 2026-05-12 20:22:49,420] Trial 24 finished with value: 0.5390055948232041 and parameters: {'lane_spacing': 3.080715459546944, 'attract_gain': 2.8817194089367533, 'attract_damp_gain': 0.49164936776173407, 'drone_repel_gain': 1.6371121732273057, 'drone_repel_range': 4.994326103139217, 'wall_repel_gain': 0.6307989883500071}. Best is trial 17 with value: 0.5565835114678236.
[I 2026-05-12 20:23:14,558] Trial 25 finished with value: 0.5553102325519192 and parameters: {'lane_spacing': 3.6681769992814157, 'attract_gain': 1.3805189410641563, 'attract_damp_gain': 0.9887559544116284, 'drone_repel_gain': 2.145915628268249, 'drone_repel_range': 4.009732945850517, 'wall_repel_gain': 1.2822451805672097}. Best is trial 17 with value: 0.5565835114678236.
[I 2026-05-12 20:23:40,303] Trial 26 finished with value: 0.49164502881528915 and parameters: {'lane_spacing': 3.598241677614375, 'attract_gain': 1.094553603706565, 'attract_damp_gain': 0.9817237071061357, 'drone_repel_gain': 2.127478947850256, 'drone_repel_range': 4.155360187459386, 'wall_repel_gain': 1.3404249970240663}. Best is trial 17 with value: 0.5565835114678236.
[I 2026-05-12 20:24:05,725] Trial 27 finished with value: 0.41059850041427765 and parameters: {'lane_spacing': 3.208879263965825, 'attract_gain': 1.3506601061701111, 'attract_damp_gain': 0.6368213627650272, 'drone_repel_gain': 3.1483319978433033, 'drone_repel_range': 4.681483548515511, 'wall_repel_gain': 2.3195668653180985}. Best is trial 17 with value: 0.5565835114678236.
[I 2026-05-12 20:24:33,356] Trial 28 finished with value: 0.46513758798808397 and parameters: {'lane_spacing': 2.9257640369616205, 'attract_gain': 0.9589152549467841, 'attract_damp_gain': 0.13918656170526478, 'drone_repel_gain': 6.3026223598287565, 'drone_repel_range': 2.6583136129268876, 'wall_repel_gain': 1.3907242476536805}. Best is trial 17 with value: 0.5565835114678236.
[I 2026-05-12 20:24:57,290] Trial 29 finished with value: 0.5304967157886663 and parameters: {'lane_spacing': 3.7794359498691197, 'attract_gain': 4.970955013146365, 'attract_damp_gain': 0.3966662828225739, 'drone_repel_gain': 2.7569832198946385, 'drone_repel_range': 3.988350397643666, 'wall_repel_gain': 2.209324638637425}. Best is trial 17 with value: 0.5565835114678236.
[I 2026-05-12 20:24:57,294] A new study created in memory with name: spiral_bo
[I 2026-05-12 20:25:20,971] Trial 0 finished with value: 0.47705771770623034 and parameters: {'pitch': 3.49816047538945, 'attract_gain': 4.4635901521768115, 'attract_damp_gain': 0.4480392682684061, 'drone_repel_gain': 7.93758666088874, 'drone_repel_range': 1.624074561769746, 'wall_repel_gain': 0.7160849144555758}. Best is trial 0 with value: 0.47705771770623034.
[I 2026-05-12 20:25:43,909] Trial 1 finished with value: 0.49374195227566053 and parameters: {'pitch': 2.232334448672798, 'attract_gain': 3.6740592026352235, 'attract_damp_gain': 0.30271829277346235, 'drone_repel_gain': 10.211806418789507, 'drone_repel_range': 1.0823379771832098, 'wall_repel_gain': 4.665303012212831}. Best is trial 1 with value: 0.49374195227566053.
[I 2026-05-12 20:26:09,896] Trial 2 finished with value: 0.45040901861860067 and parameters: {'pitch': 5.329770563201687, 'attract_gain': 0.8152843673110735, 'attract_damp_gain': 0.08620446097910765, 'drone_repel_gain': 3.0509458916105214, 'drone_repel_range': 2.216968971838151, 'wall_repel_gain': 1.6738881542579662}. Best is trial 1 with value: 0.49374195227566053.
[I 2026-05-12 20:26:32,517] Trial 3 finished with value: 0.45797660295680515 and parameters: {'pitch': 3.727780074568463, 'attract_gain': 0.9776854331372623, 'attract_damp_gain': 0.31261439582031075, 'drone_repel_gain': 2.757552923870753, 'drone_repel_range': 2.1685785941408726, 'wall_repel_gain': 1.162336424475217}. Best is trial 1 with value: 0.49374195227566053.
[I 2026-05-12 20:26:55,010] Trial 4 finished with value: 0.4899232965382139 and parameters: {'pitch': 3.8242799368681437, 'attract_gain': 3.0489195547657557, 'attract_damp_gain': 0.09093929525644105, 'drone_repel_gain': 6.535283531563522, 'drone_repel_range': 3.36965827544817, 'wall_repel_gain': 0.5564426587452863}. Best is trial 1 with value: 0.49374195227566053.
[I 2026-05-12 20:27:20,913] Trial 5 finished with value: 0.39370255311277624 and parameters: {'pitch': 4.4301794076057535, 'attract_gain': 0.7404472559987593, 'attract_damp_gain': 0.06075808513336687, 'drone_repel_gain': 17.779335814037847, 'drone_repel_range': 4.862528132298237, 'wall_repel_gain': 3.2163799964249455}. Best is trial 1 with value: 0.49374195227566053.
[I 2026-05-12 20:27:49,147] Trial 6 finished with value: 0.3801204957445041 and parameters: {'pitch': 3.2184550766934827, 'attract_gain': 0.6260977143530195, 'attract_damp_gain': 0.3883092140196443, 'drone_repel_gain': 5.510391929902151, 'drone_repel_range': 1.4881529393791153, 'wall_repel_gain': 1.563676518390185}. Best is trial 1 with value: 0.49374195227566053.
[I 2026-05-12 20:28:14,332] Trial 7 finished with value: 0.5012151437154143 and parameters: {'pitch': 2.1375540844608736, 'attract_gain': 4.057797837985249, 'attract_damp_gain': 0.10855517271883071, 'drone_repel_gain': 9.195011569464327, 'drone_repel_range': 2.246844304357644, 'wall_repel_gain': 1.6559149440361902}. Best is trial 7 with value: 0.5012151437154143.
[I 2026-05-12 20:29:01,768] Trial 8 finished with value: 0.30607004968497065 and parameters: {'pitch': 4.186841117373119, 'attract_gain': 0.7652872182750088, 'attract_damp_gain': 0.9129115219600118, 'drone_repel_gain': 11.916886939345032, 'drone_repel_range': 4.757995766256757, 'wall_repel_gain': 3.9246176690796775}. Best is trial 7 with value: 0.5012151437154143.
[I 2026-05-12 20:29:25,216] Trial 9 finished with value: 0.4929489780830761 and parameters: {'pitch': 4.39159991524434, 'attract_gain': 4.176805377655879, 'attract_damp_gain': 0.06517805612564438, 'drone_repel_gain': 3.1406016757613413, 'drone_repel_range': 1.1809091556421523, 'wall_repel_gain': 1.0575486010842792}. Best is trial 7 with value: 0.5012151437154143.
[I 2026-05-12 20:29:47,932] Trial 10 finished with value: 0.49611428339587627 and parameters: {'pitch': 2.0820557140129723, 'attract_gain': 1.855841752060963, 'attract_damp_gain': 0.15090276515962261, 'drone_repel_gain': 4.445093362154319, 'drone_repel_range': 3.4432281090069887, 'wall_repel_gain': 2.450287688457341}. Best is trial 7 with value: 0.5012151437154143.
[I 2026-05-12 20:30:10,104] Trial 11 finished with value: 0.5020039046892925 and parameters: {'pitch': 2.0605072636535384, 'attract_gain': 2.1040377692741865, 'attract_damp_gain': 0.14658104162563065, 'drone_repel_gain': 4.5479255944496275, 'drone_repel_range': 3.3037848847723135, 'wall_repel_gain': 2.4895789466593827}. Best is trial 11 with value: 0.5020039046892925.
[I 2026-05-12 20:30:27,029] Trial 12 finished with value: 0.5146393617500257 and parameters: {'pitch': 2.7696197174902673, 'attract_gain': 2.186765345735005, 'attract_damp_gain': 0.14649942992474277, 'drone_repel_gain': 4.5400155074962445, 'drone_repel_range': 2.708449222533327, 'wall_repel_gain': 2.305182761298419}. Best is trial 12 with value: 0.5146393617500257.
[I 2026-05-12 20:30:43,826] Trial 13 finished with value: 0.5132417013206463 and parameters: {'pitch': 2.8375668577878845, 'attract_gain': 2.21221047817983, 'attract_damp_gain': 0.16845783674225645, 'drone_repel_gain': 4.228365586793148, 'drone_repel_range': 4.086656573027753, 'wall_repel_gain': 2.5004658063294136}. Best is trial 12 with value: 0.5146393617500257.
[I 2026-05-12 20:31:07,516] Trial 14 finished with value: 0.4821377509103862 and parameters: {'pitch': 2.7447361413022326, 'attract_gain': 1.2937014660917125, 'attract_damp_gain': 0.19309045706471004, 'drone_repel_gain': 2.176279747585605, 'drone_repel_range': 4.3879844935546615, 'wall_repel_gain': 2.3238902551870626}. Best is trial 12 with value: 0.5146393617500257.
[I 2026-05-12 20:31:25,208] Trial 15 finished with value: 0.514353408287646 and parameters: {'pitch': 2.8799098473076716, 'attract_gain': 2.531913361039519, 'attract_damp_gain': 0.22153761082497125, 'drone_repel_gain': 4.240325776962386, 'drone_repel_range': 4.03539572654069, 'wall_repel_gain': 3.3376891837929943}. Best is trial 12 with value: 0.5146393617500257.
[I 2026-05-12 20:31:47,809] Trial 16 finished with value: 0.4918284070869397 and parameters: {'pitch': 2.907229115998757, 'attract_gain': 2.8557997323788626, 'attract_damp_gain': 0.6287013978928869, 'drone_repel_gain': 6.208982836197022, 'drone_repel_range': 2.7905810777960154, 'wall_repel_gain': 3.1646676331176042}. Best is trial 12 with value: 0.5146393617500257.
[I 2026-05-12 20:32:10,329] Trial 17 finished with value: 0.41531230782697603 and parameters: {'pitch': 5.41147376197711, 'attract_gain': 1.326319960553325, 'attract_damp_gain': 0.23866703814913678, 'drone_repel_gain': 3.548031577700703, 'drone_repel_range': 3.9203891820242585, 'wall_repel_gain': 4.6584330296414365}. Best is trial 12 with value: 0.5146393617500257.
[I 2026-05-12 20:32:27,065] Trial 18 finished with value: 0.5156696485664917 and parameters: {'pitch': 2.5711547854765064, 'attract_gain': 2.646936379376414, 'attract_damp_gain': 0.1184961426826416, 'drone_repel_gain': 5.102386396758045, 'drone_repel_range': 2.8146035071714177, 'wall_repel_gain': 3.297141897633992}. Best is trial 18 with value: 0.5156696485664917.
[I 2026-05-12 20:32:44,776] Trial 19 finished with value: 0.4910121102991945 and parameters: {'pitch': 4.8237552094553005, 'attract_gain': 1.5546198805207108, 'attract_damp_gain': 0.11245737688108967, 'drone_repel_gain': 2.077163576114138, 'drone_repel_range': 2.669698007680221, 'wall_repel_gain': 1.887640028461465}. Best is trial 18 with value: 0.5156696485664917.
[I 2026-05-12 20:33:02,102] Trial 20 finished with value: 0.5161139420207047 and parameters: {'pitch': 2.5511060929698512, 'attract_gain': 3.20803175140489, 'attract_damp_gain': 0.05201355737182538, 'drone_repel_gain': 14.133190984404017, 'drone_repel_range': 2.7448246841481394, 'wall_repel_gain': 1.2309410761133488}. Best is trial 20 with value: 0.5161139420207047.
[I 2026-05-12 20:33:24,768] Trial 21 finished with value: 0.49901194778469 and parameters: {'pitch': 2.4969944046638908, 'attract_gain': 3.0285601057722165, 'attract_damp_gain': 0.054132036523975004, 'drone_repel_gain': 17.564141325717202, 'drone_repel_range': 2.936883310535136, 'wall_repel_gain': 1.1862260333635641}. Best is trial 20 with value: 0.5161139420207047.
[I 2026-05-12 20:33:46,897] Trial 22 finished with value: 0.4870886755075326 and parameters: {'pitch': 3.383951672579573, 'attract_gain': 3.4145877032004446, 'attract_damp_gain': 0.12284250131275284, 'drone_repel_gain': 14.396169396866348, 'drone_repel_range': 2.508293632086392, 'wall_repel_gain': 0.7957114470300171}. Best is trial 20 with value: 0.5161139420207047.
[I 2026-05-12 20:34:04,418] Trial 23 finished with value: 0.5292373794899509 and parameters: {'pitch': 2.5446121921996023, 'attract_gain': 2.429971022821351, 'attract_damp_gain': 0.09555854675273291, 'drone_repel_gain': 7.953646425436393, 'drone_repel_range': 3.1575043071118953, 'wall_repel_gain': 1.4287264304207052}. Best is trial 23 with value: 0.5292373794899509.
[I 2026-05-12 20:34:17,774] Trial 24 finished with value: 0.49900606746115606 and parameters: {'pitch': 5.965108784574398, 'attract_gain': 2.5912923718709036, 'attract_damp_gain': 0.07698545454199858, 'drone_repel_gain': 7.673686366736327, 'drone_repel_range': 3.5710618179436455, 'wall_repel_gain': 1.3293075555931042}. Best is trial 23 with value: 0.5292373794899509.
[I 2026-05-12 20:34:40,434] Trial 25 finished with value: 0.513933663020532 and parameters: {'pitch': 2.4430836006422454, 'attract_gain': 4.863654456716779, 'attract_damp_gain': 0.07108483367026519, 'drone_repel_gain': 12.880274306457936, 'drone_repel_range': 3.1237181078200167, 'wall_repel_gain': 0.9505254586199707}. Best is trial 23 with value: 0.5292373794899509.
[I 2026-05-12 20:35:04,214] Trial 26 finished with value: 0.4715390188495508 and parameters: {'pitch': 3.1829188212276702, 'attract_gain': 1.74077396958677, 'attract_damp_gain': 0.0514486910298339, 'drone_repel_gain': 10.51808899383429, 'drone_repel_range': 1.9272208662183976, 'wall_repel_gain': 0.8862510805901336}. Best is trial 23 with value: 0.5292373794899509.
[I 2026-05-12 20:35:28,159] Trial 27 finished with value: 0.5025409706167614 and parameters: {'pitch': 2.4291410056289604, 'attract_gain': 3.394309466662693, 'attract_damp_gain': 0.09110072274506349, 'drone_repel_gain': 15.245749867196665, 'drone_repel_range': 3.647496240329661, 'wall_repel_gain': 1.3182152309206472}. Best is trial 23 with value: 0.5292373794899509.
